<?xml version="1.0" encoding="UTF-8"?>
<testsuite name="AccountServiceTest" tests="1" skipped="0" failures="0" errors="0" timestamp="2022-08-09T10:02:10" hostname="DESKTOP-1NFTNE0" time="133.242">
  <properties/>
  <testcase name="start" classname="AccountServiceTest" time="133.242"/>
  <system-out><![CDATA[?[1;31m
Start test 1?[0m

  .   ____          _            __ _ _
 /\\ / ___'_ __ _ _(_)_ __  __ _ \ \ \ \
( ( )\___ | '_ | '_| | '_ \/ _` | \ \ \ \
 \\/  ___)| |_)| | | | | || (_| |  ) ) ) )
  '  |____| .__|_| |_|_| |_\__, | / / / /
 =========|_|==============|___/=/_/_/_/
 :: Spring Boot ::        (v2.3.1.RELEASE)

2022-08-09 14:02:12.287  INFO 27924 --- [    Test worker] account.AccountServiceApplication        : Starting AccountServiceApplication on DESKTOP-1NFTNE0 with PID 27924 (started by pc in C:\Users\pc\Documents\Java Programs\Account Service\Account Service\task)
2022-08-09 14:02:12.296  INFO 27924 --- [    Test worker] account.AccountServiceApplication        : No active profile set, falling back to default profiles: default
2022-08-09 14:02:14.741  INFO 27924 --- [    Test worker] .s.d.r.c.RepositoryConfigurationDelegate : Bootstrapping Spring Data JPA repositories in DEFERRED mode.
2022-08-09 14:02:14.922  INFO 27924 --- [    Test worker] .s.d.r.c.RepositoryConfigurationDelegate : Finished Spring Data repository scanning in 155ms. Found 3 JPA repository interfaces.
2022-08-09 14:02:16.578  INFO 27924 --- [    Test worker] o.s.b.w.embedded.tomcat.TomcatWebServer  : Tomcat initialized with port(s): 28852 (http)
2022-08-09 14:02:16.606  INFO 27924 --- [    Test worker] o.apache.catalina.core.StandardService   : Starting service [Tomcat]
2022-08-09 14:02:16.607  INFO 27924 --- [    Test worker] org.apache.catalina.core.StandardEngine  : Starting Servlet engine: [Apache Tomcat/9.0.36]
2022-08-09 14:02:16.833  INFO 27924 --- [    Test worker] o.a.c.c.C.[Tomcat].[localhost].[/]       : Initializing Spring embedded WebApplicationContext
2022-08-09 14:02:16.833  INFO 27924 --- [    Test worker] w.s.c.ServletWebServerApplicationContext : Root WebApplicationContext: initialization completed in 4382 ms
2022-08-09 14:02:17.112  INFO 27924 --- [    Test worker] com.zaxxer.hikari.HikariDataSource       : HikariPool-1 - Starting...
2022-08-09 14:02:17.568  INFO 27924 --- [    Test worker] com.zaxxer.hikari.HikariDataSource       : HikariPool-1 - Start completed.
2022-08-09 14:02:17.596  INFO 27924 --- [    Test worker] o.s.b.a.h2.H2ConsoleAutoConfiguration    : H2 console available at '/h2'. Database available at 'jdbc:h2:file:../service_db'
2022-08-09 14:02:17.903  INFO 27924 --- [    Test worker] o.s.s.concurrent.ThreadPoolTaskExecutor  : Initializing ExecutorService 'applicationTaskExecutor'
2022-08-09 14:02:18.002  INFO 27924 --- [         task-1] o.hibernate.jpa.internal.util.LogHelper  : HHH000204: Processing PersistenceUnitInfo [name: default]
2022-08-09 14:02:18.091  WARN 27924 --- [    Test worker] JpaBaseConfiguration$JpaWebConfiguration : spring.jpa.open-in-view is enabled by default. Therefore, database queries may be performed during view rendering. Explicitly configure spring.jpa.open-in-view to disable this warning
2022-08-09 14:02:18.215  INFO 27924 --- [         task-1] org.hibernate.Version                    : HHH000412: Hibernate ORM core version 5.4.17.Final
2022-08-09 14:02:18.687  INFO 27924 --- [         task-1] o.hibernate.annotations.common.Version   : HCANN000001: Hibernate Commons Annotations {5.1.0.Final}
2022-08-09 14:02:18.699  INFO 27924 --- [    Test worker] o.s.b.a.w.s.WelcomePageHandlerMapping    : Adding welcome page: class path resource [static/index.html]
2022-08-09 14:02:19.084  INFO 27924 --- [         task-1] org.hibernate.dialect.Dialect            : HHH000400: Using dialect: org.hibernate.dialect.H2Dialect
2022-08-09 14:02:19.162  INFO 27924 --- [    Test worker] o.s.b.a.e.web.EndpointLinksResolver      : Exposing 14 endpoint(s) beneath base path '/actuator'
2022-08-09 14:02:19.273  INFO 27924 --- [    Test worker] o.s.s.web.DefaultSecurityFilterChain     : Creating filter chain: any request, [org.springframework.security.web.context.request.async.WebAsyncManagerIntegrationFilter@6dc9a56e, org.springframework.security.web.context.SecurityContextPersistenceFilter@19a7906c, org.springframework.security.web.header.HeaderWriterFilter@341ccfd1, org.springframework.security.web.authentication.logout.LogoutFilter@38e7860c, org.springframework.security.web.authentication.www.BasicAuthenticationFilter@35ceec81, org.springframework.security.web.savedrequest.RequestCacheAwareFilter@3e4f2300, org.springframework.security.web.servletapi.SecurityContextHolderAwareRequestFilter@3e01796a, org.springframework.security.web.authentication.AnonymousAuthenticationFilter@287ad0da, org.springframework.security.web.session.SessionManagementFilter@6e49b011, org.springframework.security.web.access.ExceptionTranslationFilter@13ee97af, org.springframework.security.web.access.intercept.FilterSecurityInterceptor@7b52b18a]
Hibernate: create table payroll (employee varchar(255) not null, period varchar(255) not null, salary bigint not null check (salary>=0), primary key (employee, period))
Hibernate: create table role (id integer generated by default as identity, role_type varchar(255), user_id integer, primary key (id))
Hibernate: create table security_event (id bigint generated by default as identity, action varchar(255), date timestamp, object varchar(255), path varchar(255), subject varchar(255), primary key (id))
Hibernate: create table user (id integer generated by default as identity, account_non_locked Boolean default 'true', email varchar(255), failed_attempt Integer default '0', lastname varchar(255), name varchar(255), password varchar(255), primary key (id))
Hibernate: alter table role add constraint FK61g3ambult7v7nh59xirgd9nf foreign key (user_id) references user
2022-08-09 14:02:20.948  INFO 27924 --- [         task-1] o.h.e.t.j.p.i.JtaPlatformInitiator       : HHH000490: Using JtaPlatform implementation: [org.hibernate.engine.transaction.jta.platform.internal.NoJtaPlatform]
2022-08-09 14:02:20.972  INFO 27924 --- [         task-1] j.LocalContainerEntityManagerFactoryBean : Initialized JPA EntityManagerFactory for persistence unit 'default'
2022-08-09 14:02:21.221  INFO 27924 --- [    Test worker] o.s.b.w.embedded.tomcat.TomcatWebServer  : Tomcat started on port(s): 28852 (http) with context path ''
2022-08-09 14:02:21.222  INFO 27924 --- [    Test worker] DeferredRepositoryInitializationListener : Triggering deferred initialization of Spring Data repositories…
2022-08-09 14:02:22.144  INFO 27924 --- [    Test worker] DeferredRepositoryInitializationListener : Spring Data repositories initialized!
2022-08-09 14:02:22.161  INFO 27924 --- [    Test worker] account.AccountServiceApplication        : Started AccountServiceApplication in 10.872 seconds (JVM running for 13.795)
2022-08-09 14:02:22.854  INFO 27924 --- [io-28852-exec-1] o.a.c.c.C.[Tomcat].[localhost].[/]       : Initializing Spring DispatcherServlet 'dispatcherServlet'
2022-08-09 14:02:22.855  INFO 27924 --- [io-28852-exec-1] o.s.web.servlet.DispatcherServlet        : Initializing Servlet 'dispatcherServlet'
2022-08-09 14:02:22.874  INFO 27924 --- [io-28852-exec-1] o.s.web.servlet.DispatcherServlet        : Completed initialization in 19 ms
Hibernate: select user0_.id as id1_3_, user0_.account_non_locked as account_2_3_, user0_.email as email3_3_, user0_.failed_attempt as failed_a4_3_, user0_.lastname as lastname5_3_, user0_.name as name6_3_, user0_.password as password7_3_ from user user0_ where user0_.email=?
Hibernate: select count(*) as col_0_0_ from user user0_
Hibernate: insert into user (id, email, lastname, name, password) values (null, ?, ?, ?, ?)
Hibernate: insert into role (id, role_type, user_id) values (null, ?, ?)
Hibernate: insert into security_event (id, action, date, object, path, subject) values (null, ?, ?, ?, ?, ?)
?[1;31m
Start test 2?[0m
Hibernate: select user0_.id as id1_3_, user0_.account_non_locked as account_2_3_, user0_.email as email3_3_, user0_.failed_attempt as failed_a4_3_, user0_.lastname as lastname5_3_, user0_.name as name6_3_, user0_.password as password7_3_ from user user0_ where user0_.email=?
Hibernate: select count(*) as col_0_0_ from user user0_
Hibernate: insert into user (id, email, lastname, name, password) values (null, ?, ?, ?, ?)
Hibernate: insert into role (id, role_type, user_id) values (null, ?, ?)
Hibernate: insert into security_event (id, action, date, object, path, subject) values (null, ?, ?, ?, ?, ?)
?[1;31m
Start test 3?[0m
Hibernate: select user0_.id as id1_3_, user0_.account_non_locked as account_2_3_, user0_.email as email3_3_, user0_.failed_attempt as failed_a4_3_, user0_.lastname as lastname5_3_, user0_.name as name6_3_, user0_.password as password7_3_ from user user0_ where user0_.email=?
Hibernate: select roles0_.user_id as user_id3_1_0_, roles0_.id as id1_1_0_, roles0_.id as id1_1_1_, roles0_.role_type as role_typ2_1_1_, roles0_.user_id as user_id3_1_1_ from role roles0_ where roles0_.user_id=?
Hibernate: select user0_.id as id1_3_0_, user0_.account_non_locked as account_2_3_0_, user0_.email as email3_3_0_, user0_.failed_attempt as failed_a4_3_0_, user0_.lastname as lastname5_3_0_, user0_.name as name6_3_0_, user0_.password as password7_3_0_ from user user0_ where user0_.id=?
Hibernate: select user0_.id as id1_3_, user0_.account_non_locked as account_2_3_, user0_.email as email3_3_, user0_.failed_attempt as failed_a4_3_, user0_.lastname as lastname5_3_, user0_.name as name6_3_, user0_.password as password7_3_ from user user0_ where user0_.email=?
Hibernate: select roles0_.user_id as user_id3_1_0_, roles0_.id as id1_1_0_, roles0_.id as id1_1_1_, roles0_.role_type as role_typ2_1_1_, roles0_.user_id as user_id3_1_1_ from role roles0_ where roles0_.user_id=?
Hibernate: insert into security_event (id, action, date, object, path, subject) values (null, ?, ?, ?, ?, ?)
Hibernate: select user0_.id as id1_3_1_, user0_.account_non_locked as account_2_3_1_, user0_.email as email3_3_1_, user0_.failed_attempt as failed_a4_3_1_, user0_.lastname as lastname5_3_1_, user0_.name as name6_3_1_, user0_.password as password7_3_1_, roles1_.user_id as user_id3_1_3_, roles1_.id as id1_1_3_, roles1_.id as id1_1_0_, roles1_.role_type as role_typ2_1_0_, roles1_.user_id as user_id3_1_0_ from user user0_ left outer join role roles1_ on user0_.id=roles1_.user_id where user0_.id=?
Hibernate: insert into role (id, role_type, user_id) values (null, ?, ?)
?[1;31m
Start test 4?[0m
Hibernate: select user0_.id as id1_3_, user0_.account_non_locked as account_2_3_, user0_.email as email3_3_, user0_.failed_attempt as failed_a4_3_, user0_.lastname as lastname5_3_, user0_.name as name6_3_, user0_.password as password7_3_ from user user0_ where user0_.email=?
Hibernate: select roles0_.user_id as user_id3_1_0_, roles0_.id as id1_1_0_, roles0_.id as id1_1_1_, roles0_.role_type as role_typ2_1_1_, roles0_.user_id as user_id3_1_1_ from role roles0_ where roles0_.user_id=?
Hibernate: select user0_.id as id1_3_0_, user0_.account_non_locked as account_2_3_0_, user0_.email as email3_3_0_, user0_.failed_attempt as failed_a4_3_0_, user0_.lastname as lastname5_3_0_, user0_.name as name6_3_0_, user0_.password as password7_3_0_ from user user0_ where user0_.id=?
Hibernate: select securityev0_.id as id1_2_, securityev0_.action as action2_2_, securityev0_.date as date3_2_, securityev0_.object as object4_2_, securityev0_.path as path5_2_, securityev0_.subject as subject6_2_ from security_event securityev0_
?[1;31m
Start test 5?[0m
Hibernate: select user0_.id as id1_3_, user0_.account_non_locked as account_2_3_, user0_.email as email3_3_, user0_.failed_attempt as failed_a4_3_, user0_.lastname as lastname5_3_, user0_.name as name6_3_, user0_.password as password7_3_ from user user0_ where user0_.email=?
Hibernate: select roles0_.user_id as user_id3_1_0_, roles0_.id as id1_1_0_, roles0_.id as id1_1_1_, roles0_.role_type as role_typ2_1_1_, roles0_.user_id as user_id3_1_1_ from role roles0_ where roles0_.user_id=?
Hibernate: select user0_.id as id1_3_0_, user0_.account_non_locked as account_2_3_0_, user0_.email as email3_3_0_, user0_.failed_attempt as failed_a4_3_0_, user0_.lastname as lastname5_3_0_, user0_.name as name6_3_0_, user0_.password as password7_3_0_ from user user0_ where user0_.id=?
Hibernate: select securityev0_.id as id1_2_, securityev0_.action as action2_2_, securityev0_.date as date3_2_, securityev0_.object as object4_2_, securityev0_.path as path5_2_, securityev0_.subject as subject6_2_ from security_event securityev0_
?[1;31m
Start test 6?[0m
Hibernate: select user0_.id as id1_3_, user0_.account_non_locked as account_2_3_, user0_.email as email3_3_, user0_.failed_attempt as failed_a4_3_, user0_.lastname as lastname5_3_, user0_.name as name6_3_, user0_.password as password7_3_ from user user0_ where user0_.email=?
Hibernate: select roles0_.user_id as user_id3_1_0_, roles0_.id as id1_1_0_, roles0_.id as id1_1_1_, roles0_.role_type as role_typ2_1_1_, roles0_.user_id as user_id3_1_1_ from role roles0_ where roles0_.user_id=?
Hibernate: select user0_.id as id1_3_0_, user0_.account_non_locked as account_2_3_0_, user0_.email as email3_3_0_, user0_.failed_attempt as failed_a4_3_0_, user0_.lastname as lastname5_3_0_, user0_.name as name6_3_0_, user0_.password as password7_3_0_ from user user0_ where user0_.id=?
Hibernate: select securityev0_.id as id1_2_, securityev0_.action as action2_2_, securityev0_.date as date3_2_, securityev0_.object as object4_2_, securityev0_.path as path5_2_, securityev0_.subject as subject6_2_ from security_event securityev0_
?[1;31m
Start test 7?[0m
Hibernate: select user0_.id as id1_3_, user0_.account_non_locked as account_2_3_, user0_.email as email3_3_, user0_.failed_attempt as failed_a4_3_, user0_.lastname as lastname5_3_, user0_.name as name6_3_, user0_.password as password7_3_ from user user0_ where user0_.email=?
Hibernate: select count(*) as col_0_0_ from user user0_
Hibernate: insert into user (id, email, lastname, name, password) values (null, ?, ?, ?, ?)
Hibernate: insert into role (id, role_type, user_id) values (null, ?, ?)
Hibernate: insert into security_event (id, action, date, object, path, subject) values (null, ?, ?, ?, ?, ?)
?[1;31m
Start test 8?[0m
Hibernate: select user0_.id as id1_3_, user0_.account_non_locked as account_2_3_, user0_.email as email3_3_, user0_.failed_attempt as failed_a4_3_, user0_.lastname as lastname5_3_, user0_.name as name6_3_, user0_.password as password7_3_ from user user0_ where user0_.email=?
Hibernate: select roles0_.user_id as user_id3_1_0_, roles0_.id as id1_1_0_, roles0_.id as id1_1_1_, roles0_.role_type as role_typ2_1_1_, roles0_.user_id as user_id3_1_1_ from role roles0_ where roles0_.user_id=?
Hibernate: select user0_.id as id1_3_0_, user0_.account_non_locked as account_2_3_0_, user0_.email as email3_3_0_, user0_.failed_attempt as failed_a4_3_0_, user0_.lastname as lastname5_3_0_, user0_.name as name6_3_0_, user0_.password as password7_3_0_ from user user0_ where user0_.id=?
Hibernate: select securityev0_.id as id1_2_, securityev0_.action as action2_2_, securityev0_.date as date3_2_, securityev0_.object as object4_2_, securityev0_.path as path5_2_, securityev0_.subject as subject6_2_ from security_event securityev0_
?[1;31m
Start test 9?[0m
Hibernate: select user0_.id as id1_3_, user0_.account_non_locked as account_2_3_, user0_.email as email3_3_, user0_.failed_attempt as failed_a4_3_, user0_.lastname as lastname5_3_, user0_.name as name6_3_, user0_.password as password7_3_ from user user0_ where user0_.email=?
Hibernate: select count(*) as col_0_0_ from user user0_
Hibernate: insert into user (id, email, lastname, name, password) values (null, ?, ?, ?, ?)
Hibernate: insert into role (id, role_type, user_id) values (null, ?, ?)
Hibernate: insert into security_event (id, action, date, object, path, subject) values (null, ?, ?, ?, ?, ?)
?[1;31m
Start test 10?[0m
Hibernate: select user0_.id as id1_3_, user0_.account_non_locked as account_2_3_, user0_.email as email3_3_, user0_.failed_attempt as failed_a4_3_, user0_.lastname as lastname5_3_, user0_.name as name6_3_, user0_.password as password7_3_ from user user0_ where user0_.email=?
Hibernate: select roles0_.user_id as user_id3_1_0_, roles0_.id as id1_1_0_, roles0_.id as id1_1_1_, roles0_.role_type as role_typ2_1_1_, roles0_.user_id as user_id3_1_1_ from role roles0_ where roles0_.user_id=?
Hibernate: select user0_.id as id1_3_0_, user0_.account_non_locked as account_2_3_0_, user0_.email as email3_3_0_, user0_.failed_attempt as failed_a4_3_0_, user0_.lastname as lastname5_3_0_, user0_.name as name6_3_0_, user0_.password as password7_3_0_ from user user0_ where user0_.id=?
Hibernate: select securityev0_.id as id1_2_, securityev0_.action as action2_2_, securityev0_.date as date3_2_, securityev0_.object as object4_2_, securityev0_.path as path5_2_, securityev0_.subject as subject6_2_ from security_event securityev0_
?[1;31m
Start test 11?[0m
Hibernate: select user0_.id as id1_3_, user0_.account_non_locked as account_2_3_, user0_.email as email3_3_, user0_.failed_attempt as failed_a4_3_, user0_.lastname as lastname5_3_, user0_.name as name6_3_, user0_.password as password7_3_ from user user0_ where user0_.email=?
Hibernate: select roles0_.user_id as user_id3_1_0_, roles0_.id as id1_1_0_, roles0_.id as id1_1_1_, roles0_.role_type as role_typ2_1_1_, roles0_.user_id as user_id3_1_1_ from role roles0_ where roles0_.user_id=?
Hibernate: select user0_.id as id1_3_0_, user0_.account_non_locked as account_2_3_0_, user0_.email as email3_3_0_, user0_.failed_attempt as failed_a4_3_0_, user0_.lastname as lastname5_3_0_, user0_.name as name6_3_0_, user0_.password as password7_3_0_ from user user0_ where user0_.id=?
Hibernate: select payroll0_.employee as employee1_0_, payroll0_.period as period2_0_, payroll0_.salary as salary3_0_ from payroll payroll0_ where payroll0_.employee=?
?[1;31m
Start test 12?[0m
Hibernate: select user0_.id as id1_3_, user0_.account_non_locked as account_2_3_, user0_.email as email3_3_, user0_.failed_attempt as failed_a4_3_, user0_.lastname as lastname5_3_, user0_.name as name6_3_, user0_.password as password7_3_ from user user0_ where user0_.email=?
Hibernate: select roles0_.user_id as user_id3_1_0_, roles0_.id as id1_1_0_, roles0_.id as id1_1_1_, roles0_.role_type as role_typ2_1_1_, roles0_.user_id as user_id3_1_1_ from role roles0_ where roles0_.user_id=?
Hibernate: select user0_.id as id1_3_0_, user0_.account_non_locked as account_2_3_0_, user0_.email as email3_3_0_, user0_.failed_attempt as failed_a4_3_0_, user0_.lastname as lastname5_3_0_, user0_.name as name6_3_0_, user0_.password as password7_3_0_ from user user0_ where user0_.id=?
Hibernate: select payroll0_.employee as employee1_0_, payroll0_.period as period2_0_, payroll0_.salary as salary3_0_ from payroll payroll0_ where payroll0_.employee=?
?[1;31m
Start test 13?[0m
Hibernate: select user0_.id as id1_3_, user0_.account_non_locked as account_2_3_, user0_.email as email3_3_, user0_.failed_attempt as failed_a4_3_, user0_.lastname as lastname5_3_, user0_.name as name6_3_, user0_.password as password7_3_ from user user0_ where user0_.email=?
Hibernate: select roles0_.user_id as user_id3_1_0_, roles0_.id as id1_1_0_, roles0_.id as id1_1_1_, roles0_.role_type as role_typ2_1_1_, roles0_.user_id as user_id3_1_1_ from role roles0_ where roles0_.user_id=?
Hibernate: select user0_.id as id1_3_0_, user0_.account_non_locked as account_2_3_0_, user0_.email as email3_3_0_, user0_.failed_attempt as failed_a4_3_0_, user0_.lastname as lastname5_3_0_, user0_.name as name6_3_0_, user0_.password as password7_3_0_ from user user0_ where user0_.id=?
Hibernate: insert into security_event (id, action, date, object, path, subject) values (null, ?, ?, ?, ?, ?)
Hibernate: select user0_.id as id1_3_, user0_.account_non_locked as account_2_3_, user0_.email as email3_3_, user0_.failed_attempt as failed_a4_3_, user0_.lastname as lastname5_3_, user0_.name as name6_3_, user0_.password as password7_3_ from user user0_ where user0_.email=?
Hibernate: select roles0_.user_id as user_id3_1_0_, roles0_.id as id1_1_0_, roles0_.id as id1_1_1_, roles0_.role_type as role_typ2_1_1_, roles0_.user_id as user_id3_1_1_ from role roles0_ where roles0_.user_id=?
Hibernate: select user0_.id as id1_3_0_, user0_.account_non_locked as account_2_3_0_, user0_.email as email3_3_0_, user0_.failed_attempt as failed_a4_3_0_, user0_.lastname as lastname5_3_0_, user0_.name as name6_3_0_, user0_.password as password7_3_0_ from user user0_ where user0_.id=?
Hibernate: select user0_.id as id1_3_1_, user0_.account_non_locked as account_2_3_1_, user0_.email as email3_3_1_, user0_.failed_attempt as failed_a4_3_1_, user0_.lastname as lastname5_3_1_, user0_.name as name6_3_1_, user0_.password as password7_3_1_, roles1_.user_id as user_id3_1_3_, roles1_.id as id1_1_3_, roles1_.id as id1_1_0_, roles1_.role_type as role_typ2_1_0_, roles1_.user_id as user_id3_1_0_ from user user0_ left outer join role roles1_ on user0_.id=roles1_.user_id where user0_.id=?
Hibernate: update user set account_non_locked=?, email=?, failed_attempt=?, lastname=?, name=?, password=? where id=?
?[1;31m
Start test 14?[0m
Hibernate: select user0_.id as id1_3_, user0_.account_non_locked as account_2_3_, user0_.email as email3_3_, user0_.failed_attempt as failed_a4_3_, user0_.lastname as lastname5_3_, user0_.name as name6_3_, user0_.password as password7_3_ from user user0_ where user0_.email=?
Hibernate: select roles0_.user_id as user_id3_1_0_, roles0_.id as id1_1_0_, roles0_.id as id1_1_1_, roles0_.role_type as role_typ2_1_1_, roles0_.user_id as user_id3_1_1_ from role roles0_ where roles0_.user_id=?
Hibernate: select user0_.id as id1_3_0_, user0_.account_non_locked as account_2_3_0_, user0_.email as email3_3_0_, user0_.failed_attempt as failed_a4_3_0_, user0_.lastname as lastname5_3_0_, user0_.name as name6_3_0_, user0_.password as password7_3_0_ from user user0_ where user0_.id=?
Hibernate: select securityev0_.id as id1_2_, securityev0_.action as action2_2_, securityev0_.date as date3_2_, securityev0_.object as object4_2_, securityev0_.path as path5_2_, securityev0_.subject as subject6_2_ from security_event securityev0_
?[1;31m
Start test 15?[0m
Hibernate: select user0_.id as id1_3_, user0_.account_non_locked as account_2_3_, user0_.email as email3_3_, user0_.failed_attempt as failed_a4_3_, user0_.lastname as lastname5_3_, user0_.name as name6_3_, user0_.password as password7_3_ from user user0_ where user0_.email=?
Hibernate: insert into security_event (id, action, date, object, path, subject) values (null, ?, ?, ?, ?, ?)
Hibernate: select user0_.id as id1_3_, user0_.account_non_locked as account_2_3_, user0_.email as email3_3_, user0_.failed_attempt as failed_a4_3_, user0_.lastname as lastname5_3_, user0_.name as name6_3_, user0_.password as password7_3_ from user user0_ where user0_.email=?
?[1;31m
Start test 16?[0m
Hibernate: select user0_.id as id1_3_, user0_.account_non_locked as account_2_3_, user0_.email as email3_3_, user0_.failed_attempt as failed_a4_3_, user0_.lastname as lastname5_3_, user0_.name as name6_3_, user0_.password as password7_3_ from user user0_ where user0_.email=?
Hibernate: select roles0_.user_id as user_id3_1_0_, roles0_.id as id1_1_0_, roles0_.id as id1_1_1_, roles0_.role_type as role_typ2_1_1_, roles0_.user_id as user_id3_1_1_ from role roles0_ where roles0_.user_id=?
Hibernate: select user0_.id as id1_3_0_, user0_.account_non_locked as account_2_3_0_, user0_.email as email3_3_0_, user0_.failed_attempt as failed_a4_3_0_, user0_.lastname as lastname5_3_0_, user0_.name as name6_3_0_, user0_.password as password7_3_0_ from user user0_ where user0_.id=?
Hibernate: select securityev0_.id as id1_2_, securityev0_.action as action2_2_, securityev0_.date as date3_2_, securityev0_.object as object4_2_, securityev0_.path as path5_2_, securityev0_.subject as subject6_2_ from security_event securityev0_
?[1;31m
Start test 17?[0m
Hibernate: select user0_.id as id1_3_, user0_.account_non_locked as account_2_3_, user0_.email as email3_3_, user0_.failed_attempt as failed_a4_3_, user0_.lastname as lastname5_3_, user0_.name as name6_3_, user0_.password as password7_3_ from user user0_ where user0_.email=?
Hibernate: insert into security_event (id, action, date, object, path, subject) values (null, ?, ?, ?, ?, ?)
Hibernate: select user0_.id as id1_3_, user0_.account_non_locked as account_2_3_, user0_.email as email3_3_, user0_.failed_attempt as failed_a4_3_, user0_.lastname as lastname5_3_, user0_.name as name6_3_, user0_.password as password7_3_ from user user0_ where user0_.email=?
?[1;31m
Start test 18?[0m
?[1;31m
Start test 19?[0m
Hibernate: select user0_.id as id1_3_, user0_.account_non_locked as account_2_3_, user0_.email as email3_3_, user0_.failed_attempt as failed_a4_3_, user0_.lastname as lastname5_3_, user0_.name as name6_3_, user0_.password as password7_3_ from user user0_ where user0_.email=?
Hibernate: select roles0_.user_id as user_id3_1_0_, roles0_.id as id1_1_0_, roles0_.id as id1_1_1_, roles0_.role_type as role_typ2_1_1_, roles0_.user_id as user_id3_1_1_ from role roles0_ where roles0_.user_id=?
Hibernate: select user0_.id as id1_3_0_, user0_.account_non_locked as account_2_3_0_, user0_.email as email3_3_0_, user0_.failed_attempt as failed_a4_3_0_, user0_.lastname as lastname5_3_0_, user0_.name as name6_3_0_, user0_.password as password7_3_0_ from user user0_ where user0_.id=?
Hibernate: select securityev0_.id as id1_2_, securityev0_.action as action2_2_, securityev0_.date as date3_2_, securityev0_.object as object4_2_, securityev0_.path as path5_2_, securityev0_.subject as subject6_2_ from security_event securityev0_
?[1;31m
Start test 20?[0m
2022-08-09 14:02:45.927  INFO 27924 --- [     Thread-336] j.LocalContainerEntityManagerFactoryBean : Closing JPA EntityManagerFactory for persistence unit 'default'
2022-08-09 14:02:45.935  INFO 27924 --- [     Thread-336] o.s.s.concurrent.ThreadPoolTaskExecutor  : Shutting down ExecutorService 'applicationTaskExecutor'
2022-08-09 14:02:45.940  INFO 27924 --- [     Thread-336] com.zaxxer.hikari.HikariDataSource       : HikariPool-1 - Shutdown initiated...
2022-08-09 14:02:45.955  INFO 27924 --- [     Thread-336] com.zaxxer.hikari.HikariDataSource       : HikariPool-1 - Shutdown completed.

  .   ____          _            __ _ _
 /\\ / ___'_ __ _ _(_)_ __  __ _ \ \ \ \
( ( )\___ | '_ | '_| | '_ \/ _` | \ \ \ \
 \\/  ___)| |_)| | | | | || (_| |  ) ) ) )
  '  |____| .__|_| |_|_| |_\__, | / / / /
 =========|_|==============|___/=/_/_/_/
 :: Spring Boot ::        (v2.3.1.RELEASE)

2022-08-09 14:02:46.172  INFO 27924 --- [    Test worker] account.AccountServiceApplication        : Starting AccountServiceApplication on DESKTOP-1NFTNE0 with PID 27924 (started by pc in C:\Users\pc\Documents\Java Programs\Account Service\Account Service\task)
2022-08-09 14:02:46.172  INFO 27924 --- [    Test worker] account.AccountServiceApplication        : No active profile set, falling back to default profiles: default
2022-08-09 14:02:47.045  INFO 27924 --- [    Test worker] .s.d.r.c.RepositoryConfigurationDelegate : Bootstrapping Spring Data JPA repositories in DEFERRED mode.
2022-08-09 14:02:47.087  INFO 27924 --- [    Test worker] .s.d.r.c.RepositoryConfigurationDelegate : Finished Spring Data repository scanning in 41ms. Found 3 JPA repository interfaces.
2022-08-09 14:02:47.258  INFO 27924 --- [    Test worker] o.s.b.w.embedded.tomcat.TomcatWebServer  : Tomcat initialized with port(s): 28852 (http)
2022-08-09 14:02:47.260  INFO 27924 --- [    Test worker] o.apache.catalina.core.StandardService   : Starting service [Tomcat]
2022-08-09 14:02:47.261  INFO 27924 --- [    Test worker] org.apache.catalina.core.StandardEngine  : Starting Servlet engine: [Apache Tomcat/9.0.36]
2022-08-09 14:02:47.326  INFO 27924 --- [    Test worker] o.a.c.c.C.[Tomcat].[localhost].[/]       : Initializing Spring embedded WebApplicationContext
2022-08-09 14:02:47.327  INFO 27924 --- [    Test worker] w.s.c.ServletWebServerApplicationContext : Root WebApplicationContext: initialization completed in 1149 ms
2022-08-09 14:02:47.414  INFO 27924 --- [    Test worker] com.zaxxer.hikari.HikariDataSource       : HikariPool-2 - Starting...
2022-08-09 14:02:47.440  INFO 27924 --- [    Test worker] com.zaxxer.hikari.HikariDataSource       : HikariPool-2 - Start completed.
2022-08-09 14:02:47.440  INFO 27924 --- [    Test worker] o.s.b.a.h2.H2ConsoleAutoConfiguration    : H2 console available at '/h2'. Database available at 'jdbc:h2:file:../service_db'
2022-08-09 14:02:47.533  INFO 27924 --- [    Test worker] o.s.s.concurrent.ThreadPoolTaskExecutor  : Initializing ExecutorService 'applicationTaskExecutor'
2022-08-09 14:02:47.556  INFO 27924 --- [         task-1] o.hibernate.jpa.internal.util.LogHelper  : HHH000204: Processing PersistenceUnitInfo [name: default]
2022-08-09 14:02:47.584  INFO 27924 --- [         task-1] org.hibernate.dialect.Dialect            : HHH000400: Using dialect: org.hibernate.dialect.H2Dialect
2022-08-09 14:02:47.637  WARN 27924 --- [    Test worker] JpaBaseConfiguration$JpaWebConfiguration : spring.jpa.open-in-view is enabled by default. Therefore, database queries may be performed during view rendering. Explicitly configure spring.jpa.open-in-view to disable this warning
2022-08-09 14:02:47.855  INFO 27924 --- [    Test worker] o.s.b.a.w.s.WelcomePageHandlerMapping    : Adding welcome page: class path resource [static/index.html]
2022-08-09 14:02:47.939  INFO 27924 --- [         task-1] o.h.e.t.j.p.i.JtaPlatformInitiator       : HHH000490: Using JtaPlatform implementation: [org.hibernate.engine.transaction.jta.platform.internal.NoJtaPlatform]
2022-08-09 14:02:47.953  INFO 27924 --- [         task-1] j.LocalContainerEntityManagerFactoryBean : Initialized JPA EntityManagerFactory for persistence unit 'default'
2022-08-09 14:02:48.204  INFO 27924 --- [    Test worker] o.s.b.a.e.web.EndpointLinksResolver      : Exposing 14 endpoint(s) beneath base path '/actuator'
2022-08-09 14:02:48.228  INFO 27924 --- [    Test worker] o.s.s.web.DefaultSecurityFilterChain     : Creating filter chain: any request, [org.springframework.security.web.context.request.async.WebAsyncManagerIntegrationFilter@6b6939e1, org.springframework.security.web.context.SecurityContextPersistenceFilter@1574f323, org.springframework.security.web.header.HeaderWriterFilter@4e13af1b, org.springframework.security.web.authentication.logout.LogoutFilter@2809e38a, org.springframework.security.web.authentication.www.BasicAuthenticationFilter@b9c9bf5, org.springframework.security.web.savedrequest.RequestCacheAwareFilter@78ab63b5, org.springframework.security.web.servletapi.SecurityContextHolderAwareRequestFilter@2b9370cc, org.springframework.security.web.authentication.AnonymousAuthenticationFilter@5d32f5db, org.springframework.security.web.session.SessionManagementFilter@468eff41, org.springframework.security.web.access.ExceptionTranslationFilter@7ab2e018, org.springframework.security.web.access.intercept.FilterSecurityInterceptor@594f508f]
2022-08-09 14:02:48.431  INFO 27924 --- [    Test worker] o.s.b.w.embedded.tomcat.TomcatWebServer  : Tomcat started on port(s): 28852 (http) with context path ''
2022-08-09 14:02:48.434  INFO 27924 --- [    Test worker] DeferredRepositoryInitializationListener : Triggering deferred initialization of Spring Data repositories…
2022-08-09 14:02:48.595  INFO 27924 --- [    Test worker] DeferredRepositoryInitializationListener : Spring Data repositories initialized!
2022-08-09 14:02:48.608  INFO 27924 --- [    Test worker] account.AccountServiceApplication        : Started AccountServiceApplication in 2.617 seconds (JVM running for 40.241)
?[1;31m
Start test 21?[0m
2022-08-09 14:02:48.623  INFO 27924 --- [io-28852-exec-1] o.a.c.c.C.[Tomcat].[localhost].[/]       : Initializing Spring DispatcherServlet 'dispatcherServlet'
2022-08-09 14:02:48.623  INFO 27924 --- [io-28852-exec-1] o.s.web.servlet.DispatcherServlet        : Initializing Servlet 'dispatcherServlet'
2022-08-09 14:02:48.630  INFO 27924 --- [io-28852-exec-1] o.s.web.servlet.DispatcherServlet        : Completed initialization in 7 ms
Hibernate: select user0_.id as id1_3_, user0_.account_non_locked as account_2_3_, user0_.email as email3_3_, user0_.failed_attempt as failed_a4_3_, user0_.lastname as lastname5_3_, user0_.name as name6_3_, user0_.password as password7_3_ from user user0_ where user0_.email=?
Hibernate: select roles0_.user_id as user_id3_1_0_, roles0_.id as id1_1_0_, roles0_.id as id1_1_1_, roles0_.role_type as role_typ2_1_1_, roles0_.user_id as user_id3_1_1_ from role roles0_ where roles0_.user_id=?
Hibernate: select user0_.id as id1_3_0_, user0_.account_non_locked as account_2_3_0_, user0_.email as email3_3_0_, user0_.failed_attempt as failed_a4_3_0_, user0_.lastname as lastname5_3_0_, user0_.name as name6_3_0_, user0_.password as password7_3_0_ from user user0_ where user0_.id=?
Hibernate: select user0_.id as id1_3_1_, user0_.account_non_locked as account_2_3_1_, user0_.email as email3_3_1_, user0_.failed_attempt as failed_a4_3_1_, user0_.lastname as lastname5_3_1_, user0_.name as name6_3_1_, user0_.password as password7_3_1_, roles1_.user_id as user_id3_1_3_, roles1_.id as id1_1_3_, roles1_.id as id1_1_0_, roles1_.role_type as role_typ2_1_0_, roles1_.user_id as user_id3_1_0_ from user user0_ left outer join role roles1_ on user0_.id=roles1_.user_id where user0_.id=?
Hibernate: update user set account_non_locked=?, email=?, failed_attempt=?, lastname=?, name=?, password=? where id=?
Hibernate: select payroll0_.employee as employee1_0_, payroll0_.period as period2_0_, payroll0_.salary as salary3_0_ from payroll payroll0_ where payroll0_.employee=?
?[1;31m
Start test 22?[0m
Hibernate: select user0_.id as id1_3_, user0_.account_non_locked as account_2_3_, user0_.email as email3_3_, user0_.failed_attempt as failed_a4_3_, user0_.lastname as lastname5_3_, user0_.name as name6_3_, user0_.password as password7_3_ from user user0_ where user0_.email=?
Hibernate: select roles0_.user_id as user_id3_1_0_, roles0_.id as id1_1_0_, roles0_.id as id1_1_1_, roles0_.role_type as role_typ2_1_1_, roles0_.user_id as user_id3_1_1_ from role roles0_ where roles0_.user_id=?
Hibernate: select user0_.id as id1_3_0_, user0_.account_non_locked as account_2_3_0_, user0_.email as email3_3_0_, user0_.failed_attempt as failed_a4_3_0_, user0_.lastname as lastname5_3_0_, user0_.name as name6_3_0_, user0_.password as password7_3_0_ from user user0_ where user0_.id=?
Hibernate: select user0_.id as id1_3_, user0_.account_non_locked as account_2_3_, user0_.email as email3_3_, user0_.failed_attempt as failed_a4_3_, user0_.lastname as lastname5_3_, user0_.name as name6_3_, user0_.password as password7_3_ from user user0_ where user0_.email=?
Hibernate: select roles0_.user_id as user_id3_1_0_, roles0_.id as id1_1_0_, roles0_.id as id1_1_1_, roles0_.role_type as role_typ2_1_1_, roles0_.user_id as user_id3_1_1_ from role roles0_ where roles0_.user_id=?
?[1;31m
Start test 23?[0m
Hibernate: select user0_.id as id1_3_, user0_.account_non_locked as account_2_3_, user0_.email as email3_3_, user0_.failed_attempt as failed_a4_3_, user0_.lastname as lastname5_3_, user0_.name as name6_3_, user0_.password as password7_3_ from user user0_ where user0_.email=?
Hibernate: select roles0_.user_id as user_id3_1_0_, roles0_.id as id1_1_0_, roles0_.id as id1_1_1_, roles0_.role_type as role_typ2_1_1_, roles0_.user_id as user_id3_1_1_ from role roles0_ where roles0_.user_id=?
Hibernate: select user0_.id as id1_3_0_, user0_.account_non_locked as account_2_3_0_, user0_.email as email3_3_0_, user0_.failed_attempt as failed_a4_3_0_, user0_.lastname as lastname5_3_0_, user0_.name as name6_3_0_, user0_.password as password7_3_0_ from user user0_ where user0_.id=?
Hibernate: select user0_.id as id1_3_, user0_.account_non_locked as account_2_3_, user0_.email as email3_3_, user0_.failed_attempt as failed_a4_3_, user0_.lastname as lastname5_3_, user0_.name as name6_3_, user0_.password as password7_3_ from user user0_ where user0_.email=?
Hibernate: select roles0_.user_id as user_id3_1_0_, roles0_.id as id1_1_0_, roles0_.id as id1_1_1_, roles0_.role_type as role_typ2_1_1_, roles0_.user_id as user_id3_1_1_ from role roles0_ where roles0_.user_id=?
Hibernate: insert into security_event (id, action, date, object, path, subject) values (null, ?, ?, ?, ?, ?)
Hibernate: select user0_.id as id1_3_1_, user0_.account_non_locked as account_2_3_1_, user0_.email as email3_3_1_, user0_.failed_attempt as failed_a4_3_1_, user0_.lastname as lastname5_3_1_, user0_.name as name6_3_1_, user0_.password as password7_3_1_, roles1_.user_id as user_id3_1_3_, roles1_.id as id1_1_3_, roles1_.id as id1_1_0_, roles1_.role_type as role_typ2_1_0_, roles1_.user_id as user_id3_1_0_ from user user0_ left outer join role roles1_ on user0_.id=roles1_.user_id where user0_.id=?
Hibernate: insert into role (id, role_type, user_id) values (null, ?, ?)
?[1;31m
Start test 24?[0m
Hibernate: select user0_.id as id1_3_, user0_.account_non_locked as account_2_3_, user0_.email as email3_3_, user0_.failed_attempt as failed_a4_3_, user0_.lastname as lastname5_3_, user0_.name as name6_3_, user0_.password as password7_3_ from user user0_ where user0_.email=?
Hibernate: select roles0_.user_id as user_id3_1_0_, roles0_.id as id1_1_0_, roles0_.id as id1_1_1_, roles0_.role_type as role_typ2_1_1_, roles0_.user_id as user_id3_1_1_ from role roles0_ where roles0_.user_id=?
Hibernate: select user0_.id as id1_3_0_, user0_.account_non_locked as account_2_3_0_, user0_.email as email3_3_0_, user0_.failed_attempt as failed_a4_3_0_, user0_.lastname as lastname5_3_0_, user0_.name as name6_3_0_, user0_.password as password7_3_0_ from user user0_ where user0_.id=?
Hibernate: select securityev0_.id as id1_2_, securityev0_.action as action2_2_, securityev0_.date as date3_2_, securityev0_.object as object4_2_, securityev0_.path as path5_2_, securityev0_.subject as subject6_2_ from security_event securityev0_
?[1;31m
Start test 25?[0m
Hibernate: select user0_.id as id1_3_, user0_.account_non_locked as account_2_3_, user0_.email as email3_3_, user0_.failed_attempt as failed_a4_3_, user0_.lastname as lastname5_3_, user0_.name as name6_3_, user0_.password as password7_3_ from user user0_ where user0_.email=?
Hibernate: select roles0_.user_id as user_id3_1_0_, roles0_.id as id1_1_0_, roles0_.id as id1_1_1_, roles0_.role_type as role_typ2_1_1_, roles0_.user_id as user_id3_1_1_ from role roles0_ where roles0_.user_id=?
Hibernate: select user0_.id as id1_3_0_, user0_.account_non_locked as account_2_3_0_, user0_.email as email3_3_0_, user0_.failed_attempt as failed_a4_3_0_, user0_.lastname as lastname5_3_0_, user0_.name as name6_3_0_, user0_.password as password7_3_0_ from user user0_ where user0_.id=?
Hibernate: select user0_.id as id1_3_, user0_.account_non_locked as account_2_3_, user0_.email as email3_3_, user0_.failed_attempt as failed_a4_3_, user0_.lastname as lastname5_3_, user0_.name as name6_3_, user0_.password as password7_3_ from user user0_ where user0_.email=?
Hibernate: select roles0_.user_id as user_id3_1_0_, roles0_.id as id1_1_0_, roles0_.id as id1_1_1_, roles0_.role_type as role_typ2_1_1_, roles0_.user_id as user_id3_1_1_ from role roles0_ where roles0_.user_id=?
Hibernate: insert into security_event (id, action, date, object, path, subject) values (null, ?, ?, ?, ?, ?)
Hibernate: select user0_.id as id1_3_1_, user0_.account_non_locked as account_2_3_1_, user0_.email as email3_3_1_, user0_.failed_attempt as failed_a4_3_1_, user0_.lastname as lastname5_3_1_, user0_.name as name6_3_1_, user0_.password as password7_3_1_, roles1_.user_id as user_id3_1_3_, roles1_.id as id1_1_3_, roles1_.id as id1_1_0_, roles1_.role_type as role_typ2_1_0_, roles1_.user_id as user_id3_1_0_ from user user0_ left outer join role roles1_ on user0_.id=roles1_.user_id where user0_.id=?
Hibernate: delete from role where id=?
?[1;31m
Start test 26?[0m
Hibernate: select user0_.id as id1_3_, user0_.account_non_locked as account_2_3_, user0_.email as email3_3_, user0_.failed_attempt as failed_a4_3_, user0_.lastname as lastname5_3_, user0_.name as name6_3_, user0_.password as password7_3_ from user user0_ where user0_.email=?
Hibernate: select roles0_.user_id as user_id3_1_0_, roles0_.id as id1_1_0_, roles0_.id as id1_1_1_, roles0_.role_type as role_typ2_1_1_, roles0_.user_id as user_id3_1_1_ from role roles0_ where roles0_.user_id=?
Hibernate: select user0_.id as id1_3_0_, user0_.account_non_locked as account_2_3_0_, user0_.email as email3_3_0_, user0_.failed_attempt as failed_a4_3_0_, user0_.lastname as lastname5_3_0_, user0_.name as name6_3_0_, user0_.password as password7_3_0_ from user user0_ where user0_.id=?
Hibernate: select securityev0_.id as id1_2_, securityev0_.action as action2_2_, securityev0_.date as date3_2_, securityev0_.object as object4_2_, securityev0_.path as path5_2_, securityev0_.subject as subject6_2_ from security_event securityev0_
?[1;31m
Start test 27?[0m
Hibernate: select user0_.id as id1_3_, user0_.account_non_locked as account_2_3_, user0_.email as email3_3_, user0_.failed_attempt as failed_a4_3_, user0_.lastname as lastname5_3_, user0_.name as name6_3_, user0_.password as password7_3_ from user user0_ where user0_.email=?
Hibernate: select roles0_.user_id as user_id3_1_0_, roles0_.id as id1_1_0_, roles0_.id as id1_1_1_, roles0_.role_type as role_typ2_1_1_, roles0_.user_id as user_id3_1_1_ from role roles0_ where roles0_.user_id=?
Hibernate: select user0_.id as id1_3_0_, user0_.account_non_locked as account_2_3_0_, user0_.email as email3_3_0_, user0_.failed_attempt as failed_a4_3_0_, user0_.lastname as lastname5_3_0_, user0_.name as name6_3_0_, user0_.password as password7_3_0_ from user user0_ where user0_.id=?
Hibernate: select user0_.id as id1_3_, user0_.account_non_locked as account_2_3_, user0_.email as email3_3_, user0_.failed_attempt as failed_a4_3_, user0_.lastname as lastname5_3_, user0_.name as name6_3_, user0_.password as password7_3_ from user user0_ where user0_.email=?
Hibernate: select roles0_.user_id as user_id3_1_0_, roles0_.id as id1_1_0_, roles0_.id as id1_1_1_, roles0_.role_type as role_typ2_1_1_, roles0_.user_id as user_id3_1_1_ from role roles0_ where roles0_.user_id=?
Hibernate: select user0_.id as id1_3_, user0_.account_non_locked as account_2_3_, user0_.email as email3_3_, user0_.failed_attempt as failed_a4_3_, user0_.lastname as lastname5_3_, user0_.name as name6_3_, user0_.password as password7_3_ from user user0_ where user0_.email=?
Hibernate: delete from role where id=?
Hibernate: delete from user where id=?
Hibernate: insert into security_event (id, action, date, object, path, subject) values (null, ?, ?, ?, ?, ?)
?[1;31m
Start test 28?[0m
Hibernate: select user0_.id as id1_3_, user0_.account_non_locked as account_2_3_, user0_.email as email3_3_, user0_.failed_attempt as failed_a4_3_, user0_.lastname as lastname5_3_, user0_.name as name6_3_, user0_.password as password7_3_ from user user0_ where user0_.email=?
Hibernate: select roles0_.user_id as user_id3_1_0_, roles0_.id as id1_1_0_, roles0_.id as id1_1_1_, roles0_.role_type as role_typ2_1_1_, roles0_.user_id as user_id3_1_1_ from role roles0_ where roles0_.user_id=?
Hibernate: select user0_.id as id1_3_0_, user0_.account_non_locked as account_2_3_0_, user0_.email as email3_3_0_, user0_.failed_attempt as failed_a4_3_0_, user0_.lastname as lastname5_3_0_, user0_.name as name6_3_0_, user0_.password as password7_3_0_ from user user0_ where user0_.id=?
Hibernate: select securityev0_.id as id1_2_, securityev0_.action as action2_2_, securityev0_.date as date3_2_, securityev0_.object as object4_2_, securityev0_.path as path5_2_, securityev0_.subject as subject6_2_ from security_event securityev0_
?[1;31m
Start test 29?[0m
Hibernate: select user0_.id as id1_3_, user0_.account_non_locked as account_2_3_, user0_.email as email3_3_, user0_.failed_attempt as failed_a4_3_, user0_.lastname as lastname5_3_, user0_.name as name6_3_, user0_.password as password7_3_ from user user0_ where user0_.email=?
Hibernate: select roles0_.user_id as user_id3_1_0_, roles0_.id as id1_1_0_, roles0_.id as id1_1_1_, roles0_.role_type as role_typ2_1_1_, roles0_.user_id as user_id3_1_1_ from role roles0_ where roles0_.user_id=?
Hibernate: select user0_.id as id1_3_0_, user0_.account_non_locked as account_2_3_0_, user0_.email as email3_3_0_, user0_.failed_attempt as failed_a4_3_0_, user0_.lastname as lastname5_3_0_, user0_.name as name6_3_0_, user0_.password as password7_3_0_ from user user0_ where user0_.id=?
Hibernate: select user0_.id as id1_3_1_, user0_.account_non_locked as account_2_3_1_, user0_.email as email3_3_1_, user0_.failed_attempt as failed_a4_3_1_, user0_.lastname as lastname5_3_1_, user0_.name as name6_3_1_, user0_.password as password7_3_1_, roles1_.user_id as user_id3_1_3_, roles1_.id as id1_1_3_, roles1_.id as id1_1_0_, roles1_.role_type as role_typ2_1_0_, roles1_.user_id as user_id3_1_0_ from user user0_ left outer join role roles1_ on user0_.id=roles1_.user_id where user0_.id=?
Hibernate: update user set account_non_locked=?, email=?, failed_attempt=?, lastname=?, name=?, password=? where id=?
Hibernate: insert into security_event (id, action, date, object, path, subject) values (null, ?, ?, ?, ?, ?)
?[1;31m
Start test 30?[0m
Hibernate: select user0_.id as id1_3_, user0_.account_non_locked as account_2_3_, user0_.email as email3_3_, user0_.failed_attempt as failed_a4_3_, user0_.lastname as lastname5_3_, user0_.name as name6_3_, user0_.password as password7_3_ from user user0_ where user0_.email=?
Hibernate: select roles0_.user_id as user_id3_1_0_, roles0_.id as id1_1_0_, roles0_.id as id1_1_1_, roles0_.role_type as role_typ2_1_1_, roles0_.user_id as user_id3_1_1_ from role roles0_ where roles0_.user_id=?
Hibernate: select user0_.id as id1_3_0_, user0_.account_non_locked as account_2_3_0_, user0_.email as email3_3_0_, user0_.failed_attempt as failed_a4_3_0_, user0_.lastname as lastname5_3_0_, user0_.name as name6_3_0_, user0_.password as password7_3_0_ from user user0_ where user0_.id=?
Hibernate: select securityev0_.id as id1_2_, securityev0_.action as action2_2_, securityev0_.date as date3_2_, securityev0_.object as object4_2_, securityev0_.path as path5_2_, securityev0_.subject as subject6_2_ from security_event securityev0_
?[1;31m
Start test 31?[0m
Hibernate: select user0_.id as id1_3_, user0_.account_non_locked as account_2_3_, user0_.email as email3_3_, user0_.failed_attempt as failed_a4_3_, user0_.lastname as lastname5_3_, user0_.name as name6_3_, user0_.password as password7_3_ from user user0_ where user0_.email=?
Hibernate: select roles0_.user_id as user_id3_1_0_, roles0_.id as id1_1_0_, roles0_.id as id1_1_1_, roles0_.role_type as role_typ2_1_1_, roles0_.user_id as user_id3_1_1_ from role roles0_ where roles0_.user_id=?
Hibernate: select user0_.id as id1_3_0_, user0_.account_non_locked as account_2_3_0_, user0_.email as email3_3_0_, user0_.failed_attempt as failed_a4_3_0_, user0_.lastname as lastname5_3_0_, user0_.name as name6_3_0_, user0_.password as password7_3_0_ from user user0_ where user0_.id=?
Hibernate: insert into security_event (id, action, date, object, path, subject) values (null, ?, ?, ?, ?, ?)
?[1;31m
Start test 32?[0m
Hibernate: select user0_.id as id1_3_, user0_.account_non_locked as account_2_3_, user0_.email as email3_3_, user0_.failed_attempt as failed_a4_3_, user0_.lastname as lastname5_3_, user0_.name as name6_3_, user0_.password as password7_3_ from user user0_ where user0_.email=?
Hibernate: select roles0_.user_id as user_id3_1_0_, roles0_.id as id1_1_0_, roles0_.id as id1_1_1_, roles0_.role_type as role_typ2_1_1_, roles0_.user_id as user_id3_1_1_ from role roles0_ where roles0_.user_id=?
Hibernate: select user0_.id as id1_3_0_, user0_.account_non_locked as account_2_3_0_, user0_.email as email3_3_0_, user0_.failed_attempt as failed_a4_3_0_, user0_.lastname as lastname5_3_0_, user0_.name as name6_3_0_, user0_.password as password7_3_0_ from user user0_ where user0_.id=?
Hibernate: select securityev0_.id as id1_2_, securityev0_.action as action2_2_, securityev0_.date as date3_2_, securityev0_.object as object4_2_, securityev0_.path as path5_2_, securityev0_.subject as subject6_2_ from security_event securityev0_
?[1;31m
Start test 33?[0m
Hibernate: select user0_.id as id1_3_, user0_.account_non_locked as account_2_3_, user0_.email as email3_3_, user0_.failed_attempt as failed_a4_3_, user0_.lastname as lastname5_3_, user0_.name as name6_3_, user0_.password as password7_3_ from user user0_ where user0_.email=?
Hibernate: select roles0_.user_id as user_id3_1_0_, roles0_.id as id1_1_0_, roles0_.id as id1_1_1_, roles0_.role_type as role_typ2_1_1_, roles0_.user_id as user_id3_1_1_ from role roles0_ where roles0_.user_id=?
Hibernate: select user0_.id as id1_3_0_, user0_.account_non_locked as account_2_3_0_, user0_.email as email3_3_0_, user0_.failed_attempt as failed_a4_3_0_, user0_.lastname as lastname5_3_0_, user0_.name as name6_3_0_, user0_.password as password7_3_0_ from user user0_ where user0_.id=?
Hibernate: insert into security_event (id, action, date, object, path, subject) values (null, ?, ?, ?, ?, ?)
?[1;31m
Start test 34?[0m
Hibernate: select user0_.id as id1_3_, user0_.account_non_locked as account_2_3_, user0_.email as email3_3_, user0_.failed_attempt as failed_a4_3_, user0_.lastname as lastname5_3_, user0_.name as name6_3_, user0_.password as password7_3_ from user user0_ where user0_.email=?
Hibernate: select roles0_.user_id as user_id3_1_0_, roles0_.id as id1_1_0_, roles0_.id as id1_1_1_, roles0_.role_type as role_typ2_1_1_, roles0_.user_id as user_id3_1_1_ from role roles0_ where roles0_.user_id=?
Hibernate: select user0_.id as id1_3_0_, user0_.account_non_locked as account_2_3_0_, user0_.email as email3_3_0_, user0_.failed_attempt as failed_a4_3_0_, user0_.lastname as lastname5_3_0_, user0_.name as name6_3_0_, user0_.password as password7_3_0_ from user user0_ where user0_.id=?
Hibernate: select securityev0_.id as id1_2_, securityev0_.action as action2_2_, securityev0_.date as date3_2_, securityev0_.object as object4_2_, securityev0_.path as path5_2_, securityev0_.subject as subject6_2_ from security_event securityev0_
?[1;31m
Start test 35?[0m
Hibernate: select user0_.id as id1_3_, user0_.account_non_locked as account_2_3_, user0_.email as email3_3_, user0_.failed_attempt as failed_a4_3_, user0_.lastname as lastname5_3_, user0_.name as name6_3_, user0_.password as password7_3_ from user user0_ where user0_.email=?
Hibernate: select roles0_.user_id as user_id3_1_0_, roles0_.id as id1_1_0_, roles0_.id as id1_1_1_, roles0_.role_type as role_typ2_1_1_, roles0_.user_id as user_id3_1_1_ from role roles0_ where roles0_.user_id=?
Hibernate: select user0_.id as id1_3_0_, user0_.account_non_locked as account_2_3_0_, user0_.email as email3_3_0_, user0_.failed_attempt as failed_a4_3_0_, user0_.lastname as lastname5_3_0_, user0_.name as name6_3_0_, user0_.password as password7_3_0_ from user user0_ where user0_.id=?
Hibernate: insert into security_event (id, action, date, object, path, subject) values (null, ?, ?, ?, ?, ?)
?[1;31m
Start test 36?[0m
Hibernate: select user0_.id as id1_3_, user0_.account_non_locked as account_2_3_, user0_.email as email3_3_, user0_.failed_attempt as failed_a4_3_, user0_.lastname as lastname5_3_, user0_.name as name6_3_, user0_.password as password7_3_ from user user0_ where user0_.email=?
Hibernate: select roles0_.user_id as user_id3_1_0_, roles0_.id as id1_1_0_, roles0_.id as id1_1_1_, roles0_.role_type as role_typ2_1_1_, roles0_.user_id as user_id3_1_1_ from role roles0_ where roles0_.user_id=?
Hibernate: select user0_.id as id1_3_0_, user0_.account_non_locked as account_2_3_0_, user0_.email as email3_3_0_, user0_.failed_attempt as failed_a4_3_0_, user0_.lastname as lastname5_3_0_, user0_.name as name6_3_0_, user0_.password as password7_3_0_ from user user0_ where user0_.id=?
Hibernate: select securityev0_.id as id1_2_, securityev0_.action as action2_2_, securityev0_.date as date3_2_, securityev0_.object as object4_2_, securityev0_.path as path5_2_, securityev0_.subject as subject6_2_ from security_event securityev0_
?[1;31m
Start test 37?[0m
Hibernate: select user0_.id as id1_3_, user0_.account_non_locked as account_2_3_, user0_.email as email3_3_, user0_.failed_attempt as failed_a4_3_, user0_.lastname as lastname5_3_, user0_.name as name6_3_, user0_.password as password7_3_ from user user0_ where user0_.email=?
Hibernate: select roles0_.user_id as user_id3_1_0_, roles0_.id as id1_1_0_, roles0_.id as id1_1_1_, roles0_.role_type as role_typ2_1_1_, roles0_.user_id as user_id3_1_1_ from role roles0_ where roles0_.user_id=?
Hibernate: select user0_.id as id1_3_0_, user0_.account_non_locked as account_2_3_0_, user0_.email as email3_3_0_, user0_.failed_attempt as failed_a4_3_0_, user0_.lastname as lastname5_3_0_, user0_.name as name6_3_0_, user0_.password as password7_3_0_ from user user0_ where user0_.id=?
Hibernate: insert into security_event (id, action, date, object, path, subject) values (null, ?, ?, ?, ?, ?)
?[1;31m
Start test 38?[0m
Hibernate: select user0_.id as id1_3_, user0_.account_non_locked as account_2_3_, user0_.email as email3_3_, user0_.failed_attempt as failed_a4_3_, user0_.lastname as lastname5_3_, user0_.name as name6_3_, user0_.password as password7_3_ from user user0_ where user0_.email=?
Hibernate: select roles0_.user_id as user_id3_1_0_, roles0_.id as id1_1_0_, roles0_.id as id1_1_1_, roles0_.role_type as role_typ2_1_1_, roles0_.user_id as user_id3_1_1_ from role roles0_ where roles0_.user_id=?
Hibernate: select user0_.id as id1_3_0_, user0_.account_non_locked as account_2_3_0_, user0_.email as email3_3_0_, user0_.failed_attempt as failed_a4_3_0_, user0_.lastname as lastname5_3_0_, user0_.name as name6_3_0_, user0_.password as password7_3_0_ from user user0_ where user0_.id=?
Hibernate: select securityev0_.id as id1_2_, securityev0_.action as action2_2_, securityev0_.date as date3_2_, securityev0_.object as object4_2_, securityev0_.path as path5_2_, securityev0_.subject as subject6_2_ from security_event securityev0_
?[1;31m
Start test 39?[0m
Hibernate: select user0_.id as id1_3_, user0_.account_non_locked as account_2_3_, user0_.email as email3_3_, user0_.failed_attempt as failed_a4_3_, user0_.lastname as lastname5_3_, user0_.name as name6_3_, user0_.password as password7_3_ from user user0_ where user0_.email=?
Hibernate: select roles0_.user_id as user_id3_1_0_, roles0_.id as id1_1_0_, roles0_.id as id1_1_1_, roles0_.role_type as role_typ2_1_1_, roles0_.user_id as user_id3_1_1_ from role roles0_ where roles0_.user_id=?
Hibernate: select user0_.id as id1_3_0_, user0_.account_non_locked as account_2_3_0_, user0_.email as email3_3_0_, user0_.failed_attempt as failed_a4_3_0_, user0_.lastname as lastname5_3_0_, user0_.name as name6_3_0_, user0_.password as password7_3_0_ from user user0_ where user0_.id=?
Hibernate: insert into security_event (id, action, date, object, path, subject) values (null, ?, ?, ?, ?, ?)
?[1;31m
Start test 40?[0m
Hibernate: select user0_.id as id1_3_, user0_.account_non_locked as account_2_3_, user0_.email as email3_3_, user0_.failed_attempt as failed_a4_3_, user0_.lastname as lastname5_3_, user0_.name as name6_3_, user0_.password as password7_3_ from user user0_ where user0_.email=?
Hibernate: select roles0_.user_id as user_id3_1_0_, roles0_.id as id1_1_0_, roles0_.id as id1_1_1_, roles0_.role_type as role_typ2_1_1_, roles0_.user_id as user_id3_1_1_ from role roles0_ where roles0_.user_id=?
Hibernate: select user0_.id as id1_3_0_, user0_.account_non_locked as account_2_3_0_, user0_.email as email3_3_0_, user0_.failed_attempt as failed_a4_3_0_, user0_.lastname as lastname5_3_0_, user0_.name as name6_3_0_, user0_.password as password7_3_0_ from user user0_ where user0_.id=?
Hibernate: select securityev0_.id as id1_2_, securityev0_.action as action2_2_, securityev0_.date as date3_2_, securityev0_.object as object4_2_, securityev0_.path as path5_2_, securityev0_.subject as subject6_2_ from security_event securityev0_
?[1;31m
Start test 41?[0m
Hibernate: select user0_.id as id1_3_, user0_.account_non_locked as account_2_3_, user0_.email as email3_3_, user0_.failed_attempt as failed_a4_3_, user0_.lastname as lastname5_3_, user0_.name as name6_3_, user0_.password as password7_3_ from user user0_ where user0_.email=?
Hibernate: select roles0_.user_id as user_id3_1_0_, roles0_.id as id1_1_0_, roles0_.id as id1_1_1_, roles0_.role_type as role_typ2_1_1_, roles0_.user_id as user_id3_1_1_ from role roles0_ where roles0_.user_id=?
Hibernate: select user0_.id as id1_3_0_, user0_.account_non_locked as account_2_3_0_, user0_.email as email3_3_0_, user0_.failed_attempt as failed_a4_3_0_, user0_.lastname as lastname5_3_0_, user0_.name as name6_3_0_, user0_.password as password7_3_0_ from user user0_ where user0_.id=?
Hibernate: insert into security_event (id, action, date, object, path, subject) values (null, ?, ?, ?, ?, ?)
?[1;31m
Start test 42?[0m
Hibernate: select user0_.id as id1_3_, user0_.account_non_locked as account_2_3_, user0_.email as email3_3_, user0_.failed_attempt as failed_a4_3_, user0_.lastname as lastname5_3_, user0_.name as name6_3_, user0_.password as password7_3_ from user user0_ where user0_.email=?
Hibernate: select roles0_.user_id as user_id3_1_0_, roles0_.id as id1_1_0_, roles0_.id as id1_1_1_, roles0_.role_type as role_typ2_1_1_, roles0_.user_id as user_id3_1_1_ from role roles0_ where roles0_.user_id=?
Hibernate: select user0_.id as id1_3_0_, user0_.account_non_locked as account_2_3_0_, user0_.email as email3_3_0_, user0_.failed_attempt as failed_a4_3_0_, user0_.lastname as lastname5_3_0_, user0_.name as name6_3_0_, user0_.password as password7_3_0_ from user user0_ where user0_.id=?
Hibernate: select securityev0_.id as id1_2_, securityev0_.action as action2_2_, securityev0_.date as date3_2_, securityev0_.object as object4_2_, securityev0_.path as path5_2_, securityev0_.subject as subject6_2_ from security_event securityev0_
?[1;31m
Start test 43?[0m
Hibernate: select user0_.id as id1_3_, user0_.account_non_locked as account_2_3_, user0_.email as email3_3_, user0_.failed_attempt as failed_a4_3_, user0_.lastname as lastname5_3_, user0_.name as name6_3_, user0_.password as password7_3_ from user user0_ where user0_.email=?
Hibernate: select roles0_.user_id as user_id3_1_0_, roles0_.id as id1_1_0_, roles0_.id as id1_1_1_, roles0_.role_type as role_typ2_1_1_, roles0_.user_id as user_id3_1_1_ from role roles0_ where roles0_.user_id=?
Hibernate: select user0_.id as id1_3_0_, user0_.account_non_locked as account_2_3_0_, user0_.email as email3_3_0_, user0_.failed_attempt as failed_a4_3_0_, user0_.lastname as lastname5_3_0_, user0_.name as name6_3_0_, user0_.password as password7_3_0_ from user user0_ where user0_.id=?
Hibernate: insert into security_event (id, action, date, object, path, subject) values (null, ?, ?, ?, ?, ?)
?[1;31m
Start test 44?[0m
Hibernate: select user0_.id as id1_3_, user0_.account_non_locked as account_2_3_, user0_.email as email3_3_, user0_.failed_attempt as failed_a4_3_, user0_.lastname as lastname5_3_, user0_.name as name6_3_, user0_.password as password7_3_ from user user0_ where user0_.email=?
Hibernate: select roles0_.user_id as user_id3_1_0_, roles0_.id as id1_1_0_, roles0_.id as id1_1_1_, roles0_.role_type as role_typ2_1_1_, roles0_.user_id as user_id3_1_1_ from role roles0_ where roles0_.user_id=?
Hibernate: select user0_.id as id1_3_0_, user0_.account_non_locked as account_2_3_0_, user0_.email as email3_3_0_, user0_.failed_attempt as failed_a4_3_0_, user0_.lastname as lastname5_3_0_, user0_.name as name6_3_0_, user0_.password as password7_3_0_ from user user0_ where user0_.id=?
Hibernate: select securityev0_.id as id1_2_, securityev0_.action as action2_2_, securityev0_.date as date3_2_, securityev0_.object as object4_2_, securityev0_.path as path5_2_, securityev0_.subject as subject6_2_ from security_event securityev0_
?[1;31m
Start test 45?[0m
Hibernate: select user0_.id as id1_3_, user0_.account_non_locked as account_2_3_, user0_.email as email3_3_, user0_.failed_attempt as failed_a4_3_, user0_.lastname as lastname5_3_, user0_.name as name6_3_, user0_.password as password7_3_ from user user0_ where user0_.email=?
Hibernate: select roles0_.user_id as user_id3_1_0_, roles0_.id as id1_1_0_, roles0_.id as id1_1_1_, roles0_.role_type as role_typ2_1_1_, roles0_.user_id as user_id3_1_1_ from role roles0_ where roles0_.user_id=?
Hibernate: select user0_.id as id1_3_0_, user0_.account_non_locked as account_2_3_0_, user0_.email as email3_3_0_, user0_.failed_attempt as failed_a4_3_0_, user0_.lastname as lastname5_3_0_, user0_.name as name6_3_0_, user0_.password as password7_3_0_ from user user0_ where user0_.id=?
Hibernate: insert into security_event (id, action, date, object, path, subject) values (null, ?, ?, ?, ?, ?)
Hibernate: select user0_.id as id1_3_, user0_.account_non_locked as account_2_3_, user0_.email as email3_3_, user0_.failed_attempt as failed_a4_3_, user0_.lastname as lastname5_3_, user0_.name as name6_3_, user0_.password as password7_3_ from user user0_ where user0_.email=?
Hibernate: select roles0_.user_id as user_id3_1_0_, roles0_.id as id1_1_0_, roles0_.id as id1_1_1_, roles0_.role_type as role_typ2_1_1_, roles0_.user_id as user_id3_1_1_ from role roles0_ where roles0_.user_id=?
Hibernate: select user0_.id as id1_3_0_, user0_.account_non_locked as account_2_3_0_, user0_.email as email3_3_0_, user0_.failed_attempt as failed_a4_3_0_, user0_.lastname as lastname5_3_0_, user0_.name as name6_3_0_, user0_.password as password7_3_0_ from user user0_ where user0_.id=?
Hibernate: select user0_.id as id1_3_1_, user0_.account_non_locked as account_2_3_1_, user0_.email as email3_3_1_, user0_.failed_attempt as failed_a4_3_1_, user0_.lastname as lastname5_3_1_, user0_.name as name6_3_1_, user0_.password as password7_3_1_, roles1_.user_id as user_id3_1_3_, roles1_.id as id1_1_3_, roles1_.id as id1_1_0_, roles1_.role_type as role_typ2_1_0_, roles1_.user_id as user_id3_1_0_ from user user0_ left outer join role roles1_ on user0_.id=roles1_.user_id where user0_.id=?
Hibernate: update user set account_non_locked=?, email=?, failed_attempt=?, lastname=?, name=?, password=? where id=?
?[1;31m
Start test 46?[0m
Hibernate: select user0_.id as id1_3_, user0_.account_non_locked as account_2_3_, user0_.email as email3_3_, user0_.failed_attempt as failed_a4_3_, user0_.lastname as lastname5_3_, user0_.name as name6_3_, user0_.password as password7_3_ from user user0_ where user0_.email=?
Hibernate: select roles0_.user_id as user_id3_1_0_, roles0_.id as id1_1_0_, roles0_.id as id1_1_1_, roles0_.role_type as role_typ2_1_1_, roles0_.user_id as user_id3_1_1_ from role roles0_ where roles0_.user_id=?
Hibernate: select user0_.id as id1_3_0_, user0_.account_non_locked as account_2_3_0_, user0_.email as email3_3_0_, user0_.failed_attempt as failed_a4_3_0_, user0_.lastname as lastname5_3_0_, user0_.name as name6_3_0_, user0_.password as password7_3_0_ from user user0_ where user0_.id=?
Hibernate: select securityev0_.id as id1_2_, securityev0_.action as action2_2_, securityev0_.date as date3_2_, securityev0_.object as object4_2_, securityev0_.path as path5_2_, securityev0_.subject as subject6_2_ from security_event securityev0_
?[1;31m
Start test 47?[0m
Hibernate: select user0_.id as id1_3_, user0_.account_non_locked as account_2_3_, user0_.email as email3_3_, user0_.failed_attempt as failed_a4_3_, user0_.lastname as lastname5_3_, user0_.name as name6_3_, user0_.password as password7_3_ from user user0_ where user0_.email=?
Hibernate: select roles0_.user_id as user_id3_1_0_, roles0_.id as id1_1_0_, roles0_.id as id1_1_1_, roles0_.role_type as role_typ2_1_1_, roles0_.user_id as user_id3_1_1_ from role roles0_ where roles0_.user_id=?
Hibernate: select user0_.id as id1_3_0_, user0_.account_non_locked as account_2_3_0_, user0_.email as email3_3_0_, user0_.failed_attempt as failed_a4_3_0_, user0_.lastname as lastname5_3_0_, user0_.name as name6_3_0_, user0_.password as password7_3_0_ from user user0_ where user0_.id=?
Hibernate: insert into security_event (id, action, date, object, path, subject) values (null, ?, ?, ?, ?, ?)
Hibernate: select user0_.id as id1_3_, user0_.account_non_locked as account_2_3_, user0_.email as email3_3_, user0_.failed_attempt as failed_a4_3_, user0_.lastname as lastname5_3_, user0_.name as name6_3_, user0_.password as password7_3_ from user user0_ where user0_.email=?
Hibernate: select roles0_.user_id as user_id3_1_0_, roles0_.id as id1_1_0_, roles0_.id as id1_1_1_, roles0_.role_type as role_typ2_1_1_, roles0_.user_id as user_id3_1_1_ from role roles0_ where roles0_.user_id=?
Hibernate: select user0_.id as id1_3_0_, user0_.account_non_locked as account_2_3_0_, user0_.email as email3_3_0_, user0_.failed_attempt as failed_a4_3_0_, user0_.lastname as lastname5_3_0_, user0_.name as name6_3_0_, user0_.password as password7_3_0_ from user user0_ where user0_.id=?
Hibernate: select user0_.id as id1_3_1_, user0_.account_non_locked as account_2_3_1_, user0_.email as email3_3_1_, user0_.failed_attempt as failed_a4_3_1_, user0_.lastname as lastname5_3_1_, user0_.name as name6_3_1_, user0_.password as password7_3_1_, roles1_.user_id as user_id3_1_3_, roles1_.id as id1_1_3_, roles1_.id as id1_1_0_, roles1_.role_type as role_typ2_1_0_, roles1_.user_id as user_id3_1_0_ from user user0_ left outer join role roles1_ on user0_.id=roles1_.user_id where user0_.id=?
Hibernate: update user set account_non_locked=?, email=?, failed_attempt=?, lastname=?, name=?, password=? where id=?
?[1;31m
Start test 48?[0m
Hibernate: select user0_.id as id1_3_, user0_.account_non_locked as account_2_3_, user0_.email as email3_3_, user0_.failed_attempt as failed_a4_3_, user0_.lastname as lastname5_3_, user0_.name as name6_3_, user0_.password as password7_3_ from user user0_ where user0_.email=?
Hibernate: select roles0_.user_id as user_id3_1_0_, roles0_.id as id1_1_0_, roles0_.id as id1_1_1_, roles0_.role_type as role_typ2_1_1_, roles0_.user_id as user_id3_1_1_ from role roles0_ where roles0_.user_id=?
Hibernate: select user0_.id as id1_3_0_, user0_.account_non_locked as account_2_3_0_, user0_.email as email3_3_0_, user0_.failed_attempt as failed_a4_3_0_, user0_.lastname as lastname5_3_0_, user0_.name as name6_3_0_, user0_.password as password7_3_0_ from user user0_ where user0_.id=?
Hibernate: select securityev0_.id as id1_2_, securityev0_.action as action2_2_, securityev0_.date as date3_2_, securityev0_.object as object4_2_, securityev0_.path as path5_2_, securityev0_.subject as subject6_2_ from security_event securityev0_
?[1;31m
Start test 49?[0m
Hibernate: select user0_.id as id1_3_, user0_.account_non_locked as account_2_3_, user0_.email as email3_3_, user0_.failed_attempt as failed_a4_3_, user0_.lastname as lastname5_3_, user0_.name as name6_3_, user0_.password as password7_3_ from user user0_ where user0_.email=?
Hibernate: select roles0_.user_id as user_id3_1_0_, roles0_.id as id1_1_0_, roles0_.id as id1_1_1_, roles0_.role_type as role_typ2_1_1_, roles0_.user_id as user_id3_1_1_ from role roles0_ where roles0_.user_id=?
Hibernate: select user0_.id as id1_3_0_, user0_.account_non_locked as account_2_3_0_, user0_.email as email3_3_0_, user0_.failed_attempt as failed_a4_3_0_, user0_.lastname as lastname5_3_0_, user0_.name as name6_3_0_, user0_.password as password7_3_0_ from user user0_ where user0_.id=?
Hibernate: insert into security_event (id, action, date, object, path, subject) values (null, ?, ?, ?, ?, ?)
Hibernate: select user0_.id as id1_3_, user0_.account_non_locked as account_2_3_, user0_.email as email3_3_, user0_.failed_attempt as failed_a4_3_, user0_.lastname as lastname5_3_, user0_.name as name6_3_, user0_.password as password7_3_ from user user0_ where user0_.email=?
Hibernate: select roles0_.user_id as user_id3_1_0_, roles0_.id as id1_1_0_, roles0_.id as id1_1_1_, roles0_.role_type as role_typ2_1_1_, roles0_.user_id as user_id3_1_1_ from role roles0_ where roles0_.user_id=?
Hibernate: select user0_.id as id1_3_0_, user0_.account_non_locked as account_2_3_0_, user0_.email as email3_3_0_, user0_.failed_attempt as failed_a4_3_0_, user0_.lastname as lastname5_3_0_, user0_.name as name6_3_0_, user0_.password as password7_3_0_ from user user0_ where user0_.id=?
Hibernate: select user0_.id as id1_3_1_, user0_.account_non_locked as account_2_3_1_, user0_.email as email3_3_1_, user0_.failed_attempt as failed_a4_3_1_, user0_.lastname as lastname5_3_1_, user0_.name as name6_3_1_, user0_.password as password7_3_1_, roles1_.user_id as user_id3_1_3_, roles1_.id as id1_1_3_, roles1_.id as id1_1_0_, roles1_.role_type as role_typ2_1_0_, roles1_.user_id as user_id3_1_0_ from user user0_ left outer join role roles1_ on user0_.id=roles1_.user_id where user0_.id=?
Hibernate: update user set account_non_locked=?, email=?, failed_attempt=?, lastname=?, name=?, password=? where id=?
?[1;31m
Start test 50?[0m
Hibernate: select user0_.id as id1_3_, user0_.account_non_locked as account_2_3_, user0_.email as email3_3_, user0_.failed_attempt as failed_a4_3_, user0_.lastname as lastname5_3_, user0_.name as name6_3_, user0_.password as password7_3_ from user user0_ where user0_.email=?
Hibernate: select roles0_.user_id as user_id3_1_0_, roles0_.id as id1_1_0_, roles0_.id as id1_1_1_, roles0_.role_type as role_typ2_1_1_, roles0_.user_id as user_id3_1_1_ from role roles0_ where roles0_.user_id=?
Hibernate: select user0_.id as id1_3_0_, user0_.account_non_locked as account_2_3_0_, user0_.email as email3_3_0_, user0_.failed_attempt as failed_a4_3_0_, user0_.lastname as lastname5_3_0_, user0_.name as name6_3_0_, user0_.password as password7_3_0_ from user user0_ where user0_.id=?
Hibernate: select securityev0_.id as id1_2_, securityev0_.action as action2_2_, securityev0_.date as date3_2_, securityev0_.object as object4_2_, securityev0_.path as path5_2_, securityev0_.subject as subject6_2_ from security_event securityev0_
?[1;31m
Start test 51?[0m
Hibernate: select user0_.id as id1_3_, user0_.account_non_locked as account_2_3_, user0_.email as email3_3_, user0_.failed_attempt as failed_a4_3_, user0_.lastname as lastname5_3_, user0_.name as name6_3_, user0_.password as password7_3_ from user user0_ where user0_.email=?
Hibernate: select roles0_.user_id as user_id3_1_0_, roles0_.id as id1_1_0_, roles0_.id as id1_1_1_, roles0_.role_type as role_typ2_1_1_, roles0_.user_id as user_id3_1_1_ from role roles0_ where roles0_.user_id=?
Hibernate: select user0_.id as id1_3_0_, user0_.account_non_locked as account_2_3_0_, user0_.email as email3_3_0_, user0_.failed_attempt as failed_a4_3_0_, user0_.lastname as lastname5_3_0_, user0_.name as name6_3_0_, user0_.password as password7_3_0_ from user user0_ where user0_.id=?
Hibernate: insert into security_event (id, action, date, object, path, subject) values (null, ?, ?, ?, ?, ?)
Hibernate: select user0_.id as id1_3_, user0_.account_non_locked as account_2_3_, user0_.email as email3_3_, user0_.failed_attempt as failed_a4_3_, user0_.lastname as lastname5_3_, user0_.name as name6_3_, user0_.password as password7_3_ from user user0_ where user0_.email=?
Hibernate: select roles0_.user_id as user_id3_1_0_, roles0_.id as id1_1_0_, roles0_.id as id1_1_1_, roles0_.role_type as role_typ2_1_1_, roles0_.user_id as user_id3_1_1_ from role roles0_ where roles0_.user_id=?
Hibernate: select user0_.id as id1_3_0_, user0_.account_non_locked as account_2_3_0_, user0_.email as email3_3_0_, user0_.failed_attempt as failed_a4_3_0_, user0_.lastname as lastname5_3_0_, user0_.name as name6_3_0_, user0_.password as password7_3_0_ from user user0_ where user0_.id=?
Hibernate: select user0_.id as id1_3_1_, user0_.account_non_locked as account_2_3_1_, user0_.email as email3_3_1_, user0_.failed_attempt as failed_a4_3_1_, user0_.lastname as lastname5_3_1_, user0_.name as name6_3_1_, user0_.password as password7_3_1_, roles1_.user_id as user_id3_1_3_, roles1_.id as id1_1_3_, roles1_.id as id1_1_0_, roles1_.role_type as role_typ2_1_0_, roles1_.user_id as user_id3_1_0_ from user user0_ left outer join role roles1_ on user0_.id=roles1_.user_id where user0_.id=?
Hibernate: update user set account_non_locked=?, email=?, failed_attempt=?, lastname=?, name=?, password=? where id=?
?[1;31m
Start test 52?[0m
Hibernate: select user0_.id as id1_3_, user0_.account_non_locked as account_2_3_, user0_.email as email3_3_, user0_.failed_attempt as failed_a4_3_, user0_.lastname as lastname5_3_, user0_.name as name6_3_, user0_.password as password7_3_ from user user0_ where user0_.email=?
Hibernate: select roles0_.user_id as user_id3_1_0_, roles0_.id as id1_1_0_, roles0_.id as id1_1_1_, roles0_.role_type as role_typ2_1_1_, roles0_.user_id as user_id3_1_1_ from role roles0_ where roles0_.user_id=?
Hibernate: select user0_.id as id1_3_0_, user0_.account_non_locked as account_2_3_0_, user0_.email as email3_3_0_, user0_.failed_attempt as failed_a4_3_0_, user0_.lastname as lastname5_3_0_, user0_.name as name6_3_0_, user0_.password as password7_3_0_ from user user0_ where user0_.id=?
Hibernate: select securityev0_.id as id1_2_, securityev0_.action as action2_2_, securityev0_.date as date3_2_, securityev0_.object as object4_2_, securityev0_.path as path5_2_, securityev0_.subject as subject6_2_ from security_event securityev0_
?[1;31m
Start test 53?[0m
Hibernate: select user0_.id as id1_3_, user0_.account_non_locked as account_2_3_, user0_.email as email3_3_, user0_.failed_attempt as failed_a4_3_, user0_.lastname as lastname5_3_, user0_.name as name6_3_, user0_.password as password7_3_ from user user0_ where user0_.email=?
Hibernate: select roles0_.user_id as user_id3_1_0_, roles0_.id as id1_1_0_, roles0_.id as id1_1_1_, roles0_.role_type as role_typ2_1_1_, roles0_.user_id as user_id3_1_1_ from role roles0_ where roles0_.user_id=?
Hibernate: select user0_.id as id1_3_0_, user0_.account_non_locked as account_2_3_0_, user0_.email as email3_3_0_, user0_.failed_attempt as failed_a4_3_0_, user0_.lastname as lastname5_3_0_, user0_.name as name6_3_0_, user0_.password as password7_3_0_ from user user0_ where user0_.id=?
Hibernate: insert into security_event (id, action, date, object, path, subject) values (null, ?, ?, ?, ?, ?)
Hibernate: select user0_.id as id1_3_, user0_.account_non_locked as account_2_3_, user0_.email as email3_3_, user0_.failed_attempt as failed_a4_3_, user0_.lastname as lastname5_3_, user0_.name as name6_3_, user0_.password as password7_3_ from user user0_ where user0_.email=?
Hibernate: select roles0_.user_id as user_id3_1_0_, roles0_.id as id1_1_0_, roles0_.id as id1_1_1_, roles0_.role_type as role_typ2_1_1_, roles0_.user_id as user_id3_1_1_ from role roles0_ where roles0_.user_id=?
Hibernate: select user0_.id as id1_3_0_, user0_.account_non_locked as account_2_3_0_, user0_.email as email3_3_0_, user0_.failed_attempt as failed_a4_3_0_, user0_.lastname as lastname5_3_0_, user0_.name as name6_3_0_, user0_.password as password7_3_0_ from user user0_ where user0_.id=?
Hibernate: insert into security_event (id, action, date, object, path, subject) values (null, ?, ?, ?, ?, ?)
Hibernate: insert into security_event (id, action, date, object, path, subject) values (null, ?, ?, ?, ?, ?)
Hibernate: select user0_.id as id1_3_1_, user0_.account_non_locked as account_2_3_1_, user0_.email as email3_3_1_, user0_.failed_attempt as failed_a4_3_1_, user0_.lastname as lastname5_3_1_, user0_.name as name6_3_1_, user0_.password as password7_3_1_, roles1_.user_id as user_id3_1_3_, roles1_.id as id1_1_3_, roles1_.id as id1_1_0_, roles1_.role_type as role_typ2_1_0_, roles1_.user_id as user_id3_1_0_ from user user0_ left outer join role roles1_ on user0_.id=roles1_.user_id where user0_.id=?
Hibernate: update user set account_non_locked=?, email=?, failed_attempt=?, lastname=?, name=?, password=? where id=?
?[1;31m
Start test 54?[0m
Hibernate: select user0_.id as id1_3_, user0_.account_non_locked as account_2_3_, user0_.email as email3_3_, user0_.failed_attempt as failed_a4_3_, user0_.lastname as lastname5_3_, user0_.name as name6_3_, user0_.password as password7_3_ from user user0_ where user0_.email=?
Hibernate: select roles0_.user_id as user_id3_1_0_, roles0_.id as id1_1_0_, roles0_.id as id1_1_1_, roles0_.role_type as role_typ2_1_1_, roles0_.user_id as user_id3_1_1_ from role roles0_ where roles0_.user_id=?
Hibernate: select user0_.id as id1_3_0_, user0_.account_non_locked as account_2_3_0_, user0_.email as email3_3_0_, user0_.failed_attempt as failed_a4_3_0_, user0_.lastname as lastname5_3_0_, user0_.name as name6_3_0_, user0_.password as password7_3_0_ from user user0_ where user0_.id=?
Hibernate: select securityev0_.id as id1_2_, securityev0_.action as action2_2_, securityev0_.date as date3_2_, securityev0_.object as object4_2_, securityev0_.path as path5_2_, securityev0_.subject as subject6_2_ from security_event securityev0_
?[1;31m
Start test 55?[0m
Hibernate: select user0_.id as id1_3_, user0_.account_non_locked as account_2_3_, user0_.email as email3_3_, user0_.failed_attempt as failed_a4_3_, user0_.lastname as lastname5_3_, user0_.name as name6_3_, user0_.password as password7_3_ from user user0_ where user0_.email=?
Hibernate: select roles0_.user_id as user_id3_1_0_, roles0_.id as id1_1_0_, roles0_.id as id1_1_1_, roles0_.role_type as role_typ2_1_1_, roles0_.user_id as user_id3_1_1_ from role roles0_ where roles0_.user_id=?
Hibernate: select user0_.id as id1_3_0_, user0_.account_non_locked as account_2_3_0_, user0_.email as email3_3_0_, user0_.failed_attempt as failed_a4_3_0_, user0_.lastname as lastname5_3_0_, user0_.name as name6_3_0_, user0_.password as password7_3_0_ from user user0_ where user0_.id=?
?[1;31m
Start test 56?[0m
Hibernate: select user0_.id as id1_3_, user0_.account_non_locked as account_2_3_, user0_.email as email3_3_, user0_.failed_attempt as failed_a4_3_, user0_.lastname as lastname5_3_, user0_.name as name6_3_, user0_.password as password7_3_ from user user0_ where user0_.email=?
Hibernate: select roles0_.user_id as user_id3_1_0_, roles0_.id as id1_1_0_, roles0_.id as id1_1_1_, roles0_.role_type as role_typ2_1_1_, roles0_.user_id as user_id3_1_1_ from role roles0_ where roles0_.user_id=?
Hibernate: select user0_.id as id1_3_0_, user0_.account_non_locked as account_2_3_0_, user0_.email as email3_3_0_, user0_.failed_attempt as failed_a4_3_0_, user0_.lastname as lastname5_3_0_, user0_.name as name6_3_0_, user0_.password as password7_3_0_ from user user0_ where user0_.id=?
Hibernate: select securityev0_.id as id1_2_, securityev0_.action as action2_2_, securityev0_.date as date3_2_, securityev0_.object as object4_2_, securityev0_.path as path5_2_, securityev0_.subject as subject6_2_ from security_event securityev0_
?[1;31m
Start test 57?[0m
Hibernate: select user0_.id as id1_3_, user0_.account_non_locked as account_2_3_, user0_.email as email3_3_, user0_.failed_attempt as failed_a4_3_, user0_.lastname as lastname5_3_, user0_.name as name6_3_, user0_.password as password7_3_ from user user0_ where user0_.email=?
Hibernate: select roles0_.user_id as user_id3_1_0_, roles0_.id as id1_1_0_, roles0_.id as id1_1_1_, roles0_.role_type as role_typ2_1_1_, roles0_.user_id as user_id3_1_1_ from role roles0_ where roles0_.user_id=?
Hibernate: select user0_.id as id1_3_0_, user0_.account_non_locked as account_2_3_0_, user0_.email as email3_3_0_, user0_.failed_attempt as failed_a4_3_0_, user0_.lastname as lastname5_3_0_, user0_.name as name6_3_0_, user0_.password as password7_3_0_ from user user0_ where user0_.id=?
[...]
Hibernate: insert into security_event (id, action, date, object, path, subject) values (null, ?, ?, ?, ?, ?)
Hibernate: select user0_.id as id1_3_, user0_.account_non_locked as account_2_3_, user0_.email as email3_3_, user0_.failed_attempt as failed_a4_3_, user0_.lastname as lastname5_3_, user0_.name as name6_3_, user0_.password as password7_3_ from user user0_ where user0_.email=?
Hibernate: select roles0_.user_id as user_id3_1_0_, roles0_.id as id1_1_0_, roles0_.id as id1_1_1_, roles0_.role_type as role_typ2_1_1_, roles0_.user_id as user_id3_1_1_ from role roles0_ where roles0_.user_id=?
Hibernate: select user0_.id as id1_3_0_, user0_.account_non_locked as account_2_3_0_, user0_.email as email3_3_0_, user0_.failed_attempt as failed_a4_3_0_, user0_.lastname as lastname5_3_0_, user0_.name as name6_3_0_, user0_.password as password7_3_0_ from user user0_ where user0_.id=?
Hibernate: select user0_.id as id1_3_1_, user0_.account_non_locked as account_2_3_1_, user0_.email as email3_3_1_, user0_.failed_attempt as failed_a4_3_1_, user0_.lastname as lastname5_3_1_, user0_.name as name6_3_1_, user0_.password as password7_3_1_, roles1_.user_id as user_id3_1_3_, roles1_.id as id1_1_3_, roles1_.id as id1_1_0_, roles1_.role_type as role_typ2_1_0_, roles1_.user_id as user_id3_1_0_ from user user0_ left outer join role roles1_ on user0_.id=roles1_.user_id where user0_.id=?
Hibernate: update user set account_non_locked=?, email=?, failed_attempt=?, lastname=?, name=?, password=? where id=?
?[1;31m
Start test 86?[0m
Hibernate: select user0_.id as id1_3_, user0_.account_non_locked as account_2_3_, user0_.email as email3_3_, user0_.failed_attempt as failed_a4_3_, user0_.lastname as lastname5_3_, user0_.name as name6_3_, user0_.password as password7_3_ from user user0_ where user0_.email=?
Hibernate: select roles0_.user_id as user_id3_1_0_, roles0_.id as id1_1_0_, roles0_.id as id1_1_1_, roles0_.role_type as role_typ2_1_1_, roles0_.user_id as user_id3_1_1_ from role roles0_ where roles0_.user_id=?
Hibernate: select user0_.id as id1_3_0_, user0_.account_non_locked as account_2_3_0_, user0_.email as email3_3_0_, user0_.failed_attempt as failed_a4_3_0_, user0_.lastname as lastname5_3_0_, user0_.name as name6_3_0_, user0_.password as password7_3_0_ from user user0_ where user0_.id=?
Hibernate: insert into security_event (id, action, date, object, path, subject) values (null, ?, ?, ?, ?, ?)
Hibernate: select user0_.id as id1_3_, user0_.account_non_locked as account_2_3_, user0_.email as email3_3_, user0_.failed_attempt as failed_a4_3_, user0_.lastname as lastname5_3_, user0_.name as name6_3_, user0_.password as password7_3_ from user user0_ where user0_.email=?
Hibernate: select roles0_.user_id as user_id3_1_0_, roles0_.id as id1_1_0_, roles0_.id as id1_1_1_, roles0_.role_type as role_typ2_1_1_, roles0_.user_id as user_id3_1_1_ from role roles0_ where roles0_.user_id=?
Hibernate: select user0_.id as id1_3_0_, user0_.account_non_locked as account_2_3_0_, user0_.email as email3_3_0_, user0_.failed_attempt as failed_a4_3_0_, user0_.lastname as lastname5_3_0_, user0_.name as name6_3_0_, user0_.password as password7_3_0_ from user user0_ where user0_.id=?
Hibernate: select user0_.id as id1_3_1_, user0_.account_non_locked as account_2_3_1_, user0_.email as email3_3_1_, user0_.failed_attempt as failed_a4_3_1_, user0_.lastname as lastname5_3_1_, user0_.name as name6_3_1_, user0_.password as password7_3_1_, roles1_.user_id as user_id3_1_3_, roles1_.id as id1_1_3_, roles1_.id as id1_1_0_, roles1_.role_type as role_typ2_1_0_, roles1_.user_id as user_id3_1_0_ from user user0_ left outer join role roles1_ on user0_.id=roles1_.user_id where user0_.id=?
Hibernate: update user set account_non_locked=?, email=?, failed_attempt=?, lastname=?, name=?, password=? where id=?
?[1;31m
Start test 87?[0m
Hibernate: select user0_.id as id1_3_, user0_.account_non_locked as account_2_3_, user0_.email as email3_3_, user0_.failed_attempt as failed_a4_3_, user0_.lastname as lastname5_3_, user0_.name as name6_3_, user0_.password as password7_3_ from user user0_ where user0_.email=?
Hibernate: select roles0_.user_id as user_id3_1_0_, roles0_.id as id1_1_0_, roles0_.id as id1_1_1_, roles0_.role_type as role_typ2_1_1_, roles0_.user_id as user_id3_1_1_ from role roles0_ where roles0_.user_id=?
Hibernate: select user0_.id as id1_3_0_, user0_.account_non_locked as account_2_3_0_, user0_.email as email3_3_0_, user0_.failed_attempt as failed_a4_3_0_, user0_.lastname as lastname5_3_0_, user0_.name as name6_3_0_, user0_.password as password7_3_0_ from user user0_ where user0_.id=?
Hibernate: insert into security_event (id, action, date, object, path, subject) values (null, ?, ?, ?, ?, ?)
Hibernate: select user0_.id as id1_3_, user0_.account_non_locked as account_2_3_, user0_.email as email3_3_, user0_.failed_attempt as failed_a4_3_, user0_.lastname as lastname5_3_, user0_.name as name6_3_, user0_.password as password7_3_ from user user0_ where user0_.email=?
Hibernate: select roles0_.user_id as user_id3_1_0_, roles0_.id as id1_1_0_, roles0_.id as id1_1_1_, roles0_.role_type as role_typ2_1_1_, roles0_.user_id as user_id3_1_1_ from role roles0_ where roles0_.user_id=?
Hibernate: select user0_.id as id1_3_0_, user0_.account_non_locked as account_2_3_0_, user0_.email as email3_3_0_, user0_.failed_attempt as failed_a4_3_0_, user0_.lastname as lastname5_3_0_, user0_.name as name6_3_0_, user0_.password as password7_3_0_ from user user0_ where user0_.id=?
Hibernate: select user0_.id as id1_3_1_, user0_.account_non_locked as account_2_3_1_, user0_.email as email3_3_1_, user0_.failed_attempt as failed_a4_3_1_, user0_.lastname as lastname5_3_1_, user0_.name as name6_3_1_, user0_.password as password7_3_1_, roles1_.user_id as user_id3_1_3_, roles1_.id as id1_1_3_, roles1_.id as id1_1_0_, roles1_.role_type as role_typ2_1_0_, roles1_.user_id as user_id3_1_0_ from user user0_ left outer join role roles1_ on user0_.id=roles1_.user_id where user0_.id=?
Hibernate: update user set account_non_locked=?, email=?, failed_attempt=?, lastname=?, name=?, password=? where id=?
?[1;31m
Start test 88?[0m
Hibernate: select user0_.id as id1_3_, user0_.account_non_locked as account_2_3_, user0_.email as email3_3_, user0_.failed_attempt as failed_a4_3_, user0_.lastname as lastname5_3_, user0_.name as name6_3_, user0_.password as password7_3_ from user user0_ where user0_.email=?
Hibernate: select roles0_.user_id as user_id3_1_0_, roles0_.id as id1_1_0_, roles0_.id as id1_1_1_, roles0_.role_type as role_typ2_1_1_, roles0_.user_id as user_id3_1_1_ from role roles0_ where roles0_.user_id=?
Hibernate: select user0_.id as id1_3_0_, user0_.account_non_locked as account_2_3_0_, user0_.email as email3_3_0_, user0_.failed_attempt as failed_a4_3_0_, user0_.lastname as lastname5_3_0_, user0_.name as name6_3_0_, user0_.password as password7_3_0_ from user user0_ where user0_.id=?
Hibernate: insert into security_event (id, action, date, object, path, subject) values (null, ?, ?, ?, ?, ?)
Hibernate: select user0_.id as id1_3_, user0_.account_non_locked as account_2_3_, user0_.email as email3_3_, user0_.failed_attempt as failed_a4_3_, user0_.lastname as lastname5_3_, user0_.name as name6_3_, user0_.password as password7_3_ from user user0_ where user0_.email=?
Hibernate: select roles0_.user_id as user_id3_1_0_, roles0_.id as id1_1_0_, roles0_.id as id1_1_1_, roles0_.role_type as role_typ2_1_1_, roles0_.user_id as user_id3_1_1_ from role roles0_ where roles0_.user_id=?
Hibernate: select user0_.id as id1_3_0_, user0_.account_non_locked as account_2_3_0_, user0_.email as email3_3_0_, user0_.failed_attempt as failed_a4_3_0_, user0_.lastname as lastname5_3_0_, user0_.name as name6_3_0_, user0_.password as password7_3_0_ from user user0_ where user0_.id=?
Hibernate: insert into security_event (id, action, date, object, path, subject) values (null, ?, ?, ?, ?, ?)
Hibernate: insert into security_event (id, action, date, object, path, subject) values (null, ?, ?, ?, ?, ?)
Hibernate: select user0_.id as id1_3_1_, user0_.account_non_locked as account_2_3_1_, user0_.email as email3_3_1_, user0_.failed_attempt as failed_a4_3_1_, user0_.lastname as lastname5_3_1_, user0_.name as name6_3_1_, user0_.password as password7_3_1_, roles1_.user_id as user_id3_1_3_, roles1_.id as id1_1_3_, roles1_.id as id1_1_0_, roles1_.role_type as role_typ2_1_0_, roles1_.user_id as user_id3_1_0_ from user user0_ left outer join role roles1_ on user0_.id=roles1_.user_id where user0_.id=?
Hibernate: update user set account_non_locked=?, email=?, failed_attempt=?, lastname=?, name=?, password=? where id=?
?[1;31m
Start test 89?[0m
Hibernate: select user0_.id as id1_3_, user0_.account_non_locked as account_2_3_, user0_.email as email3_3_, user0_.failed_attempt as failed_a4_3_, user0_.lastname as lastname5_3_, user0_.name as name6_3_, user0_.password as password7_3_ from user user0_ where user0_.email=?
Hibernate: select roles0_.user_id as user_id3_1_0_, roles0_.id as id1_1_0_, roles0_.id as id1_1_1_, roles0_.role_type as role_typ2_1_1_, roles0_.user_id as user_id3_1_1_ from role roles0_ where roles0_.user_id=?
Hibernate: select user0_.id as id1_3_0_, user0_.account_non_locked as account_2_3_0_, user0_.email as email3_3_0_, user0_.failed_attempt as failed_a4_3_0_, user0_.lastname as lastname5_3_0_, user0_.name as name6_3_0_, user0_.password as password7_3_0_ from user user0_ where user0_.id=?
?[1;31m
Start test 90?[0m
Hibernate: select user0_.id as id1_3_, user0_.account_non_locked as account_2_3_, user0_.email as email3_3_, user0_.failed_attempt as failed_a4_3_, user0_.lastname as lastname5_3_, user0_.name as name6_3_, user0_.password as password7_3_ from user user0_ where user0_.email=?
Hibernate: select roles0_.user_id as user_id3_1_0_, roles0_.id as id1_1_0_, roles0_.id as id1_1_1_, roles0_.role_type as role_typ2_1_1_, roles0_.user_id as user_id3_1_1_ from role roles0_ where roles0_.user_id=?
Hibernate: select user0_.id as id1_3_0_, user0_.account_non_locked as account_2_3_0_, user0_.email as email3_3_0_, user0_.failed_attempt as failed_a4_3_0_, user0_.lastname as lastname5_3_0_, user0_.name as name6_3_0_, user0_.password as password7_3_0_ from user user0_ where user0_.id=?
Hibernate: insert into security_event (id, action, date, object, path, subject) values (null, ?, ?, ?, ?, ?)
Hibernate: select user0_.id as id1_3_, user0_.account_non_locked as account_2_3_, user0_.email as email3_3_, user0_.failed_attempt as failed_a4_3_, user0_.lastname as lastname5_3_, user0_.name as name6_3_, user0_.password as password7_3_ from user user0_ where user0_.email=?
Hibernate: select roles0_.user_id as user_id3_1_0_, roles0_.id as id1_1_0_, roles0_.id as id1_1_1_, roles0_.role_type as role_typ2_1_1_, roles0_.user_id as user_id3_1_1_ from role roles0_ where roles0_.user_id=?
Hibernate: select user0_.id as id1_3_0_, user0_.account_non_locked as account_2_3_0_, user0_.email as email3_3_0_, user0_.failed_attempt as failed_a4_3_0_, user0_.lastname as lastname5_3_0_, user0_.name as name6_3_0_, user0_.password as password7_3_0_ from user user0_ where user0_.id=?
?[1;31m
Start test 91?[0m
Hibernate: select user0_.id as id1_3_, user0_.account_non_locked as account_2_3_, user0_.email as email3_3_, user0_.failed_attempt as failed_a4_3_, user0_.lastname as lastname5_3_, user0_.name as name6_3_, user0_.password as password7_3_ from user user0_ where user0_.email=?
Hibernate: select roles0_.user_id as user_id3_1_0_, roles0_.id as id1_1_0_, roles0_.id as id1_1_1_, roles0_.role_type as role_typ2_1_1_, roles0_.user_id as user_id3_1_1_ from role roles0_ where roles0_.user_id=?
Hibernate: select user0_.id as id1_3_0_, user0_.account_non_locked as account_2_3_0_, user0_.email as email3_3_0_, user0_.failed_attempt as failed_a4_3_0_, user0_.lastname as lastname5_3_0_, user0_.name as name6_3_0_, user0_.password as password7_3_0_ from user user0_ where user0_.id=?
Hibernate: insert into security_event (id, action, date, object, path, subject) values (null, ?, ?, ?, ?, ?)
Hibernate: select user0_.id as id1_3_, user0_.account_non_locked as account_2_3_, user0_.email as email3_3_, user0_.failed_attempt as failed_a4_3_, user0_.lastname as lastname5_3_, user0_.name as name6_3_, user0_.password as password7_3_ from user user0_ where user0_.email=?
Hibernate: select roles0_.user_id as user_id3_1_0_, roles0_.id as id1_1_0_, roles0_.id as id1_1_1_, roles0_.role_type as role_typ2_1_1_, roles0_.user_id as user_id3_1_1_ from role roles0_ where roles0_.user_id=?
Hibernate: select user0_.id as id1_3_0_, user0_.account_non_locked as account_2_3_0_, user0_.email as email3_3_0_, user0_.failed_attempt as failed_a4_3_0_, user0_.lastname as lastname5_3_0_, user0_.name as name6_3_0_, user0_.password as password7_3_0_ from user user0_ where user0_.id=?
?[1;31m
Start test 92?[0m
Hibernate: select user0_.id as id1_3_, user0_.account_non_locked as account_2_3_, user0_.email as email3_3_, user0_.failed_attempt as failed_a4_3_, user0_.lastname as lastname5_3_, user0_.name as name6_3_, user0_.password as password7_3_ from user user0_ where user0_.email=?
Hibernate: select roles0_.user_id as user_id3_1_0_, roles0_.id as id1_1_0_, roles0_.id as id1_1_1_, roles0_.role_type as role_typ2_1_1_, roles0_.user_id as user_id3_1_1_ from role roles0_ where roles0_.user_id=?
Hibernate: select user0_.id as id1_3_0_, user0_.account_non_locked as account_2_3_0_, user0_.email as email3_3_0_, user0_.failed_attempt as failed_a4_3_0_, user0_.lastname as lastname5_3_0_, user0_.name as name6_3_0_, user0_.password as password7_3_0_ from user user0_ where user0_.id=?
Hibernate: insert into security_event (id, action, date, object, path, subject) values (null, ?, ?, ?, ?, ?)
Hibernate: select user0_.id as id1_3_, user0_.account_non_locked as account_2_3_, user0_.email as email3_3_, user0_.failed_attempt as failed_a4_3_, user0_.lastname as lastname5_3_, user0_.name as name6_3_, user0_.password as password7_3_ from user user0_ where user0_.email=?
Hibernate: select roles0_.user_id as user_id3_1_0_, roles0_.id as id1_1_0_, roles0_.id as id1_1_1_, roles0_.role_type as role_typ2_1_1_, roles0_.user_id as user_id3_1_1_ from role roles0_ where roles0_.user_id=?
Hibernate: select user0_.id as id1_3_0_, user0_.account_non_locked as account_2_3_0_, user0_.email as email3_3_0_, user0_.failed_attempt as failed_a4_3_0_, user0_.lastname as lastname5_3_0_, user0_.name as name6_3_0_, user0_.password as password7_3_0_ from user user0_ where user0_.id=?
?[1;31m
Start test 93?[0m
Hibernate: select user0_.id as id1_3_, user0_.account_non_locked as account_2_3_, user0_.email as email3_3_, user0_.failed_attempt as failed_a4_3_, user0_.lastname as lastname5_3_, user0_.name as name6_3_, user0_.password as password7_3_ from user user0_ where user0_.email=?
Hibernate: select roles0_.user_id as user_id3_1_0_, roles0_.id as id1_1_0_, roles0_.id as id1_1_1_, roles0_.role_type as role_typ2_1_1_, roles0_.user_id as user_id3_1_1_ from role roles0_ where roles0_.user_id=?
Hibernate: select user0_.id as id1_3_0_, user0_.account_non_locked as account_2_3_0_, user0_.email as email3_3_0_, user0_.failed_attempt as failed_a4_3_0_, user0_.lastname as lastname5_3_0_, user0_.name as name6_3_0_, user0_.password as password7_3_0_ from user user0_ where user0_.id=?
Hibernate: insert into security_event (id, action, date, object, path, subject) values (null, ?, ?, ?, ?, ?)
Hibernate: select user0_.id as id1_3_, user0_.account_non_locked as account_2_3_, user0_.email as email3_3_, user0_.failed_attempt as failed_a4_3_, user0_.lastname as lastname5_3_, user0_.name as name6_3_, user0_.password as password7_3_ from user user0_ where user0_.email=?
Hibernate: select roles0_.user_id as user_id3_1_0_, roles0_.id as id1_1_0_, roles0_.id as id1_1_1_, roles0_.role_type as role_typ2_1_1_, roles0_.user_id as user_id3_1_1_ from role roles0_ where roles0_.user_id=?
Hibernate: select user0_.id as id1_3_0_, user0_.account_non_locked as account_2_3_0_, user0_.email as email3_3_0_, user0_.failed_attempt as failed_a4_3_0_, user0_.lastname as lastname5_3_0_, user0_.name as name6_3_0_, user0_.password as password7_3_0_ from user user0_ where user0_.id=?
?[1;31m
Start test 94?[0m
Hibernate: select user0_.id as id1_3_, user0_.account_non_locked as account_2_3_, user0_.email as email3_3_, user0_.failed_attempt as failed_a4_3_, user0_.lastname as lastname5_3_, user0_.name as name6_3_, user0_.password as password7_3_ from user user0_ where user0_.email=?
Hibernate: select roles0_.user_id as user_id3_1_0_, roles0_.id as id1_1_0_, roles0_.id as id1_1_1_, roles0_.role_type as role_typ2_1_1_, roles0_.user_id as user_id3_1_1_ from role roles0_ where roles0_.user_id=?
Hibernate: select user0_.id as id1_3_0_, user0_.account_non_locked as account_2_3_0_, user0_.email as email3_3_0_, user0_.failed_attempt as failed_a4_3_0_, user0_.lastname as lastname5_3_0_, user0_.name as name6_3_0_, user0_.password as password7_3_0_ from user user0_ where user0_.id=?
Hibernate: insert into security_event (id, action, date, object, path, subject) values (null, ?, ?, ?, ?, ?)
Hibernate: select user0_.id as id1_3_, user0_.account_non_locked as account_2_3_, user0_.email as email3_3_, user0_.failed_attempt as failed_a4_3_, user0_.lastname as lastname5_3_, user0_.name as name6_3_, user0_.password as password7_3_ from user user0_ where user0_.email=?
Hibernate: select roles0_.user_id as user_id3_1_0_, roles0_.id as id1_1_0_, roles0_.id as id1_1_1_, roles0_.role_type as role_typ2_1_1_, roles0_.user_id as user_id3_1_1_ from role roles0_ where roles0_.user_id=?
Hibernate: select user0_.id as id1_3_0_, user0_.account_non_locked as account_2_3_0_, user0_.email as email3_3_0_, user0_.failed_attempt as failed_a4_3_0_, user0_.lastname as lastname5_3_0_, user0_.name as name6_3_0_, user0_.password as password7_3_0_ from user user0_ where user0_.id=?
?[1;31m
Start test 95?[0m
Hibernate: select user0_.id as id1_3_, user0_.account_non_locked as account_2_3_, user0_.email as email3_3_, user0_.failed_attempt as failed_a4_3_, user0_.lastname as lastname5_3_, user0_.name as name6_3_, user0_.password as password7_3_ from user user0_ where user0_.email=?
Hibernate: select roles0_.user_id as user_id3_1_0_, roles0_.id as id1_1_0_, roles0_.id as id1_1_1_, roles0_.role_type as role_typ2_1_1_, roles0_.user_id as user_id3_1_1_ from role roles0_ where roles0_.user_id=?
Hibernate: select user0_.id as id1_3_0_, user0_.account_non_locked as account_2_3_0_, user0_.email as email3_3_0_, user0_.failed_attempt as failed_a4_3_0_, user0_.lastname as lastname5_3_0_, user0_.name as name6_3_0_, user0_.password as password7_3_0_ from user user0_ where user0_.id=?
Hibernate: select user0_.id as id1_3_, user0_.account_non_locked as account_2_3_, user0_.email as email3_3_, user0_.failed_attempt as failed_a4_3_, user0_.lastname as lastname5_3_, user0_.name as name6_3_, user0_.password as password7_3_ from user user0_
Hibernate: select roles0_.user_id as user_id3_1_0_, roles0_.id as id1_1_0_, roles0_.id as id1_1_1_, roles0_.role_type as role_typ2_1_1_, roles0_.user_id as user_id3_1_1_ from role roles0_ where roles0_.user_id=?
Hibernate: select roles0_.user_id as user_id3_1_0_, roles0_.id as id1_1_0_, roles0_.id as id1_1_1_, roles0_.role_type as role_typ2_1_1_, roles0_.user_id as user_id3_1_1_ from role roles0_ where roles0_.user_id=?
Hibernate: select roles0_.user_id as user_id3_1_0_, roles0_.id as id1_1_0_, roles0_.id as id1_1_1_, roles0_.role_type as role_typ2_1_1_, roles0_.user_id as user_id3_1_1_ from role roles0_ where roles0_.user_id=?
Hibernate: select roles0_.user_id as user_id3_1_0_, roles0_.id as id1_1_0_, roles0_.id as id1_1_1_, roles0_.role_type as role_typ2_1_1_, roles0_.user_id as user_id3_1_1_ from role roles0_ where roles0_.user_id=?
]]></system-out>
  <system-err><![CDATA[]]></system-err>
</testsuite>
